{"E:\\3rd year\\Project\\TheInvinciblesProjects\\frontend\\src\\App.js": {"path":"E:\\3rd year\\Project\\TheInvinciblesProjects\\frontend\\src\\App.js","statementMap":{"0":{"start":{"line":17,"column":2},"end":{"line":36,"column":4}}},"fnMap":{"0":{"name":"App","decl":{"start":{"line":16,"column":24},"end":{"line":16,"column":27}},"loc":{"start":{"line":16,"column":30},"end":{"line":37,"column":1}},"line":16}},"branchMap":{},"s":{"0":2},"f":{"0":2},"b":{},"_coverageSchema":"1a1c01bbd47fc00a2c39e90264f33305004495a9","hash":"6ab5d0bd20565de0b620b3a66a982fe5d9e00c75"}
,"E:\\3rd year\\Project\\TheInvinciblesProjects\\frontend\\src\\UserContext.js": {"path":"E:\\3rd year\\Project\\TheInvinciblesProjects\\frontend\\src\\UserContext.js","statementMap":{"0":{"start":{"line":3,"column":27},"end":{"line":3,"column":42}},"1":{"start":{"line":6,"column":26},"end":{"line":6,"column":40}},"2":{"start":{"line":8,"column":2},"end":{"line":13,"column":9}},"3":{"start":{"line":9,"column":22},"end":{"line":9,"column":55}},"4":{"start":{"line":10,"column":4},"end":{"line":12,"column":5}},"5":{"start":{"line":11,"column":6},"end":{"line":11,"column":37}},"6":{"start":{"line":15,"column":20},"end":{"line":18,"column":3}},"7":{"start":{"line":16,"column":4},"end":{"line":16,"column":22}},"8":{"start":{"line":17,"column":4},"end":{"line":17,"column":64}},"9":{"start":{"line":20,"column":21},"end":{"line":24,"column":3}},"10":{"start":{"line":21,"column":4},"end":{"line":21,"column":18}},"11":{"start":{"line":22,"column":4},"end":{"line":22,"column":41}},"12":{"start":{"line":23,"column":4},"end":{"line":23,"column":41}},"13":{"start":{"line":26,"column":2},"end":{"line":30,"column":4}}},"fnMap":{"0":{"name":"UserProvider","decl":{"start":{"line":5,"column":16},"end":{"line":5,"column":28}},"loc":{"start":{"line":5,"column":43},"end":{"line":31,"column":1}},"line":5},"1":{"name":"(anonymous_1)","decl":{"start":{"line":8,"column":12},"end":{"line":8,"column":13}},"loc":{"start":{"line":8,"column":18},"end":{"line":13,"column":3}},"line":8},"2":{"name":"(anonymous_2)","decl":{"start":{"line":15,"column":20},"end":{"line":15,"column":21}},"loc":{"start":{"line":15,"column":34},"end":{"line":18,"column":3}},"line":15},"3":{"name":"(anonymous_3)","decl":{"start":{"line":20,"column":21},"end":{"line":20,"column":22}},"loc":{"start":{"line":20,"column":27},"end":{"line":24,"column":3}},"line":20}},"branchMap":{"0":{"loc":{"start":{"line":10,"column":4},"end":{"line":12,"column":5}},"type":"if","locations":[{"start":{"line":10,"column":4},"end":{"line":12,"column":5}},{"start":{},"end":{}}],"line":10}},"s":{"0":8,"1":2,"2":2,"3":2,"4":2,"5":0,"6":2,"7":0,"8":0,"9":2,"10":0,"11":0,"12":0,"13":2},"f":{"0":2,"1":2,"2":0,"3":0},"b":{"0":[0,2]},"_coverageSchema":"1a1c01bbd47fc00a2c39e90264f33305004495a9","hash":"bc038c76e4b95532518b41a5bef5fadfe907dcf5"}
,"E:\\3rd year\\Project\\TheInvinciblesProjects\\frontend\\src\\firebase.js": {"path":"E:\\3rd year\\Project\\TheInvinciblesProjects\\frontend\\src\\firebase.js","statementMap":{"0":{"start":{"line":5,"column":23},"end":{"line":12,"column":1}},"1":{"start":{"line":14,"column":12},"end":{"line":14,"column":41}},"2":{"start":{"line":15,"column":13},"end":{"line":15,"column":25}},"3":{"start":{"line":16,"column":23},"end":{"line":16,"column":47}}},"fnMap":{},"branchMap":{},"s":{"0":3,"1":3,"2":3,"3":3},"f":{},"b":{},"_coverageSchema":"1a1c01bbd47fc00a2c39e90264f33305004495a9","hash":"48f19c546d11bfe58ed9cd483c910d42e1ec60fe"}
,"E:\\3rd year\\Project\\TheInvinciblesProjects\\frontend\\src\\components\\BalanceCard.jsx": {"path":"E:\\3rd year\\Project\\TheInvinciblesProjects\\frontend\\src\\components\\BalanceCard.jsx","statementMap":{"0":{"start":{"line":5,"column":19},"end":{"line":5,"column":42}},"1":{"start":{"line":7,"column":2},"end":{"line":7,"column":25}},"2":{"start":{"line":7,"column":13},"end":{"line":7,"column":25}},"3":{"start":{"line":9,"column":2},"end":{"line":31,"column":4}},"4":{"start":{"line":19,"column":25},"end":{"line":19,"column":69}},"5":{"start":{"line":25,"column":25},"end":{"line":25,"column":66}}},"fnMap":{"0":{"name":"BalanceCard","decl":{"start":{"line":4,"column":24},"end":{"line":4,"column":35}},"loc":{"start":{"line":4,"column":38},"end":{"line":32,"column":1}},"line":4},"1":{"name":"(anonymous_1)","decl":{"start":{"line":19,"column":19},"end":{"line":19,"column":20}},"loc":{"start":{"line":19,"column":25},"end":{"line":19,"column":69}},"line":19},"2":{"name":"(anonymous_2)","decl":{"start":{"line":25,"column":19},"end":{"line":25,"column":20}},"loc":{"start":{"line":25,"column":25},"end":{"line":25,"column":66}},"line":25}},"branchMap":{"0":{"loc":{"start":{"line":7,"column":2},"end":{"line":7,"column":25}},"type":"if","locations":[{"start":{"line":7,"column":2},"end":{"line":7,"column":25}},{"start":{},"end":{}}],"line":7}},"s":{"0":5,"1":5,"2":1,"3":4,"4":0,"5":0},"f":{"0":5,"1":0,"2":0},"b":{"0":[1,4]},"_coverageSchema":"1a1c01bbd47fc00a2c39e90264f33305004495a9","hash":"3e7b56d735a2e66e5fe038a0a5ecb974f15d45e8"}
,"E:\\3rd year\\Project\\TheInvinciblesProjects\\frontend\\src\\components\\BetHistoryCard.jsx": {"path":"E:\\3rd year\\Project\\TheInvinciblesProjects\\frontend\\src\\components\\BetHistoryCard.jsx","statementMap":{"0":{"start":{"line":4,"column":15},"end":{"line":9,"column":3}},"1":{"start":{"line":11,"column":23},"end":{"line":11,"column":77}},"2":{"start":{"line":13,"column":2},"end":{"line":41,"column":4}},"3":{"start":{"line":22,"column":14},"end":{"line":22,"column":80}},"4":{"start":{"line":28,"column":12},"end":{"line":36,"column":17}}},"fnMap":{"0":{"name":"BetHistoryCard","decl":{"start":{"line":3,"column":24},"end":{"line":3,"column":38}},"loc":{"start":{"line":3,"column":41},"end":{"line":42,"column":1}},"line":3},"1":{"name":"(anonymous_1)","decl":{"start":{"line":21,"column":86},"end":{"line":21,"column":87}},"loc":{"start":{"line":22,"column":14},"end":{"line":22,"column":80}},"line":22},"2":{"name":"(anonymous_2)","decl":{"start":{"line":27,"column":20},"end":{"line":27,"column":21}},"loc":{"start":{"line":28,"column":12},"end":{"line":36,"column":17}},"line":28}},"branchMap":{"0":{"loc":{"start":{"line":35,"column":70},"end":{"line":35,"column":105}},"type":"binary-expr","locations":[{"start":{"line":35,"column":70},"end":{"line":35,"column":94}},{"start":{"line":35,"column":98},"end":{"line":35,"column":105}}],"line":35}},"s":{"0":7,"1":7,"2":7,"3":49,"4":28},"f":{"0":7,"1":49,"2":28},"b":{"0":[28,0]},"_coverageSchema":"1a1c01bbd47fc00a2c39e90264f33305004495a9","hash":"7b1f887ed8ae8ffd7808653c029b8908b3fa0342"}
,"E:\\3rd year\\Project\\TheInvinciblesProjects\\frontend\\src\\components\\BettingStatsCard.jsx": {"path":"E:\\3rd year\\Project\\TheInvinciblesProjects\\frontend\\src\\components\\BettingStatsCard.jsx","statementMap":{"0":{"start":{"line":4,"column":16},"end":{"line":9,"column":3}},"1":{"start":{"line":11,"column":2},"end":{"line":25,"column":4}},"2":{"start":{"line":18,"column":10},"end":{"line":21,"column":16}}},"fnMap":{"0":{"name":"BettingStatsCard","decl":{"start":{"line":3,"column":24},"end":{"line":3,"column":40}},"loc":{"start":{"line":3,"column":43},"end":{"line":26,"column":1}},"line":3},"1":{"name":"(anonymous_1)","decl":{"start":{"line":17,"column":19},"end":{"line":17,"column":20}},"loc":{"start":{"line":18,"column":10},"end":{"line":21,"column":16}},"line":18}},"branchMap":{},"s":{"0":3,"1":3,"2":12},"f":{"0":3,"1":12},"b":{},"_coverageSchema":"1a1c01bbd47fc00a2c39e90264f33305004495a9","hash":"5cde2078740d52ed4b5b08821f6764c980c82410"}
,"E:\\3rd year\\Project\\TheInvinciblesProjects\\frontend\\src\\components\\DashBoard.jsx": {"path":"E:\\3rd year\\Project\\TheInvinciblesProjects\\frontend\\src\\components\\DashBoard.jsx","statementMap":{"0":{"start":{"line":10,"column":18},"end":{"line":58,"column":1}},"1":{"start":{"line":11,"column":2},"end":{"line":57,"column":4}}},"fnMap":{"0":{"name":"(anonymous_0)","decl":{"start":{"line":10,"column":18},"end":{"line":10,"column":19}},"loc":{"start":{"line":10,"column":24},"end":{"line":58,"column":1}},"line":10}},"branchMap":{},"s":{"0":2,"1":4},"f":{"0":4},"b":{},"_coverageSchema":"1a1c01bbd47fc00a2c39e90264f33305004495a9","hash":"25337e2ee8089d6ca8d66fe78f8b309b152ad1a2"}
,"E:\\3rd year\\Project\\TheInvinciblesProjects\\frontend\\src\\components\\Header.jsx": {"path":"E:\\3rd year\\Project\\TheInvinciblesProjects\\frontend\\src\\components\\Header.jsx","statementMap":{"0":{"start":{"line":7,"column":19},"end":{"line":7,"column":32}},"1":{"start":{"line":8,"column":31},"end":{"line":8,"column":54}},"2":{"start":{"line":10,"column":23},"end":{"line":18,"column":3}},"3":{"start":{"line":11,"column":4},"end":{"line":17,"column":5}},"4":{"start":{"line":12,"column":6},"end":{"line":12,"column":27}},"5":{"start":{"line":13,"column":6},"end":{"line":13,"column":19}},"6":{"start":{"line":14,"column":6},"end":{"line":14,"column":20}},"7":{"start":{"line":16,"column":6},"end":{"line":16,"column":42}},"8":{"start":{"line":20,"column":2},"end":{"line":122,"column":4}},"9":{"start":{"line":42,"column":18},"end":{"line":46,"column":20}},"10":{"start":{"line":54,"column":18},"end":{"line":58,"column":20}},"11":{"start":{"line":66,"column":18},"end":{"line":70,"column":20}},"12":{"start":{"line":78,"column":18},"end":{"line":82,"column":20}},"13":{"start":{"line":90,"column":18},"end":{"line":94,"column":20}}},"fnMap":{"0":{"name":"Header","decl":{"start":{"line":6,"column":24},"end":{"line":6,"column":30}},"loc":{"start":{"line":6,"column":33},"end":{"line":123,"column":1}},"line":6},"1":{"name":"(anonymous_1)","decl":{"start":{"line":10,"column":23},"end":{"line":10,"column":24}},"loc":{"start":{"line":10,"column":35},"end":{"line":18,"column":3}},"line":10},"2":{"name":"(anonymous_2)","decl":{"start":{"line":41,"column":27},"end":{"line":41,"column":28}},"loc":{"start":{"line":42,"column":18},"end":{"line":46,"column":20}},"line":42},"3":{"name":"(anonymous_3)","decl":{"start":{"line":53,"column":27},"end":{"line":53,"column":28}},"loc":{"start":{"line":54,"column":18},"end":{"line":58,"column":20}},"line":54},"4":{"name":"(anonymous_4)","decl":{"start":{"line":65,"column":27},"end":{"line":65,"column":28}},"loc":{"start":{"line":66,"column":18},"end":{"line":70,"column":20}},"line":66},"5":{"name":"(anonymous_5)","decl":{"start":{"line":77,"column":27},"end":{"line":77,"column":28}},"loc":{"start":{"line":78,"column":18},"end":{"line":82,"column":20}},"line":78},"6":{"name":"(anonymous_6)","decl":{"start":{"line":89,"column":27},"end":{"line":89,"column":28}},"loc":{"start":{"line":90,"column":18},"end":{"line":94,"column":20}},"line":90}},"branchMap":{"0":{"loc":{"start":{"line":37,"column":11},"end":{"line":106,"column":11}},"type":"binary-expr","locations":[{"start":{"line":37,"column":11},"end":{"line":37,"column":15}},{"start":{"line":38,"column":12},"end":{"line":105,"column":18}}],"line":37},"1":{"loc":{"start":{"line":43,"column":20},"end":{"line":45,"column":75}},"type":"cond-expr","locations":[{"start":{"line":44,"column":24},"end":{"line":44,"column":52}},{"start":{"line":45,"column":24},"end":{"line":45,"column":75}}],"line":43},"2":{"loc":{"start":{"line":55,"column":20},"end":{"line":57,"column":75}},"type":"cond-expr","locations":[{"start":{"line":56,"column":24},"end":{"line":56,"column":52}},{"start":{"line":57,"column":24},"end":{"line":57,"column":75}}],"line":55},"3":{"loc":{"start":{"line":67,"column":20},"end":{"line":69,"column":75}},"type":"cond-expr","locations":[{"start":{"line":68,"column":24},"end":{"line":68,"column":52}},{"start":{"line":69,"column":24},"end":{"line":69,"column":75}}],"line":67},"4":{"loc":{"start":{"line":79,"column":20},"end":{"line":81,"column":75}},"type":"cond-expr","locations":[{"start":{"line":80,"column":24},"end":{"line":80,"column":52}},{"start":{"line":81,"column":24},"end":{"line":81,"column":75}}],"line":79},"5":{"loc":{"start":{"line":91,"column":20},"end":{"line":93,"column":75}},"type":"cond-expr","locations":[{"start":{"line":92,"column":24},"end":{"line":92,"column":52}},{"start":{"line":93,"column":24},"end":{"line":93,"column":75}}],"line":91},"6":{"loc":{"start":{"line":109,"column":11},"end":{"line":118,"column":11}},"type":"binary-expr","locations":[{"start":{"line":109,"column":11},"end":{"line":109,"column":15}},{"start":{"line":110,"column":12},"end":{"line":117,"column":18}}],"line":109},"7":{"loc":{"start":{"line":113,"column":19},"end":{"line":113,"column":44}},"type":"binary-expr","locations":[{"start":{"line":113,"column":19},"end":{"line":113,"column":37}},{"start":{"line":113,"column":41},"end":{"line":113,"column":44}}],"line":113},"8":{"loc":{"start":{"line":115,"column":23},"end":{"line":115,"column":50}},"type":"binary-expr","locations":[{"start":{"line":115,"column":23},"end":{"line":115,"column":36}},{"start":{"line":115,"column":40},"end":{"line":115,"column":50}}],"line":115}},"s":{"0":10,"1":10,"2":10,"3":1,"4":1,"5":1,"6":1,"7":0,"8":10,"9":10,"10":10,"11":10,"12":10,"13":10},"f":{"0":10,"1":1,"2":10,"3":10,"4":10,"5":10,"6":10},"b":{"0":[10,10],"1":[0,10],"2":[0,10],"3":[0,10],"4":[0,10],"5":[0,10],"6":[10,10],"7":[10,0],"8":[10,0]},"_coverageSchema":"1a1c01bbd47fc00a2c39e90264f33305004495a9","hash":"abe1b55bb7251a8c2c1ed6ea39cfce3356c6deab"}
,"E:\\3rd year\\Project\\TheInvinciblesProjects\\frontend\\src\\components\\LeaderboardCard.jsx": {"path":"E:\\3rd year\\Project\\TheInvinciblesProjects\\frontend\\src\\components\\LeaderboardCard.jsx","statementMap":{"0":{"start":{"line":4,"column":2},"end":{"line":17,"column":4}},"1":{"start":{"line":12,"column":124},"end":{"line":12,"column":143}},"2":{"start":{"line":12,"column":144},"end":{"line":12,"column":185}}},"fnMap":{"0":{"name":"LeaderboardCard","decl":{"start":{"line":3,"column":24},"end":{"line":3,"column":39}},"loc":{"start":{"line":3,"column":42},"end":{"line":18,"column":1}},"line":3},"1":{"name":"(anonymous_1)","decl":{"start":{"line":12,"column":117},"end":{"line":12,"column":118}},"loc":{"start":{"line":12,"column":122},"end":{"line":12,"column":187}},"line":12}},"branchMap":{},"s":{"0":6,"1":1,"2":1},"f":{"0":6,"1":1},"b":{},"_coverageSchema":"1a1c01bbd47fc00a2c39e90264f33305004495a9","hash":"fb7070ca2c0e1846901cf85d5e994066eabe6c37"}
,"E:\\3rd year\\Project\\TheInvinciblesProjects\\frontend\\src\\components\\LeagueTable.jsx": {"path":"E:\\3rd year\\Project\\TheInvinciblesProjects\\frontend\\src\\components\\LeagueTable.jsx","statementMap":{"0":{"start":{"line":4,"column":20},"end":{"line":98,"column":1}},"1":{"start":{"line":5,"column":36},"end":{"line":5,"column":48}},"2":{"start":{"line":6,"column":19},"end":{"line":6,"column":32}},"3":{"start":{"line":8,"column":2},"end":{"line":34,"column":21}},"4":{"start":{"line":9,"column":27},"end":{"line":31,"column":5}},"5":{"start":{"line":10,"column":6},"end":{"line":30,"column":7}},"6":{"start":{"line":11,"column":24},"end":{"line":11,"column":57}},"7":{"start":{"line":12,"column":20},"end":{"line":14,"column":66}},"8":{"start":{"line":16,"column":25},"end":{"line":22,"column":10}},"9":{"start":{"line":24,"column":8},"end":{"line":24,"column":78}},"10":{"start":{"line":24,"column":26},"end":{"line":24,"column":78}},"11":{"start":{"line":26,"column":21},"end":{"line":26,"column":42}},"12":{"start":{"line":27,"column":8},"end":{"line":27,"column":27}},"13":{"start":{"line":29,"column":8},"end":{"line":29,"column":27}},"14":{"start":{"line":33,"column":4},"end":{"line":33,"column":21}},"15":{"start":{"line":36,"column":2},"end":{"line":97,"column":4}},"16":{"start":{"line":64,"column":14},"end":{"line":91,"column":19}},"17":{"start":{"line":67,"column":31},"end":{"line":67,"column":70}}},"fnMap":{"0":{"name":"(anonymous_0)","decl":{"start":{"line":4,"column":20},"end":{"line":4,"column":21}},"loc":{"start":{"line":4,"column":53},"end":{"line":98,"column":1}},"line":4},"1":{"name":"(anonymous_1)","decl":{"start":{"line":8,"column":12},"end":{"line":8,"column":13}},"loc":{"start":{"line":8,"column":18},"end":{"line":34,"column":3}},"line":8},"2":{"name":"(anonymous_2)","decl":{"start":{"line":9,"column":27},"end":{"line":9,"column":28}},"loc":{"start":{"line":9,"column":39},"end":{"line":31,"column":5}},"line":9},"3":{"name":"(anonymous_3)","decl":{"start":{"line":63,"column":27},"end":{"line":63,"column":28}},"loc":{"start":{"line":64,"column":14},"end":{"line":91,"column":19}},"line":64},"4":{"name":"(anonymous_4)","decl":{"start":{"line":67,"column":25},"end":{"line":67,"column":26}},"loc":{"start":{"line":67,"column":31},"end":{"line":67,"column":70}},"line":67}},"branchMap":{"0":{"loc":{"start":{"line":4,"column":23},"end":{"line":4,"column":31}},"type":"default-arg","locations":[{"start":{"line":4,"column":30},"end":{"line":4,"column":31}}],"line":4},"1":{"loc":{"start":{"line":4,"column":33},"end":{"line":4,"column":46}},"type":"default-arg","locations":[{"start":{"line":4,"column":42},"end":{"line":4,"column":46}}],"line":4},"2":{"loc":{"start":{"line":12,"column":20},"end":{"line":14,"column":66}},"type":"cond-expr","locations":[{"start":{"line":13,"column":12},"end":{"line":13,"column":77}},{"start":{"line":14,"column":12},"end":{"line":14,"column":66}}],"line":12},"3":{"loc":{"start":{"line":24,"column":8},"end":{"line":24,"column":78}},"type":"if","locations":[{"start":{"line":24,"column":8},"end":{"line":24,"column":78}},{"start":{},"end":{}}],"line":24},"4":{"loc":{"start":{"line":75,"column":23},"end":{"line":83,"column":23}},"type":"cond-expr","locations":[{"start":{"line":76,"column":24},"end":{"line":80,"column":26}},{"start":{"line":82,"column":24},"end":{"line":82,"column":108}}],"line":75},"5":{"loc":{"start":{"line":89,"column":43},"end":{"line":89,"column":117}},"type":"cond-expr","locations":[{"start":{"line":89,"column":70},"end":{"line":89,"column":95}},{"start":{"line":89,"column":98},"end":{"line":89,"column":117}}],"line":89}},"s":{"0":3,"1":10,"2":10,"3":10,"4":8,"5":8,"6":8,"7":8,"8":8,"9":8,"10":1,"11":2,"12":2,"13":6,"14":8,"15":10,"16":3,"17":1},"f":{"0":10,"1":8,"2":8,"3":3,"4":1},"b":{"0":[4],"1":[0],"2":[8,0],"3":[1,2],"4":[0,3],"5":[2,1]},"_coverageSchema":"1a1c01bbd47fc00a2c39e90264f33305004495a9","hash":"754a417d77b39894469f43abac15c95231abd8ae"}
,"E:\\3rd year\\Project\\TheInvinciblesProjects\\frontend\\src\\components\\ProfilePage.jsx": {"path":"E:\\3rd year\\Project\\TheInvinciblesProjects\\frontend\\src\\components\\ProfilePage.jsx","statementMap":{"0":{"start":{"line":10,"column":2},"end":{"line":24,"column":4}}},"fnMap":{"0":{"name":"ProfilePage","decl":{"start":{"line":9,"column":24},"end":{"line":9,"column":35}},"loc":{"start":{"line":9,"column":38},"end":{"line":25,"column":1}},"line":9}},"branchMap":{},"s":{"0":3},"f":{"0":3},"b":{},"_coverageSchema":"1a1c01bbd47fc00a2c39e90264f33305004495a9","hash":"9567140b992ed7db599729f166852d612a203fdc"}
,"E:\\3rd year\\Project\\TheInvinciblesProjects\\frontend\\src\\components\\QuickActions.jsx": {"path":"E:\\3rd year\\Project\\TheInvinciblesProjects\\frontend\\src\\components\\QuickActions.jsx","statementMap":{"0":{"start":{"line":4,"column":21},"end":{"line":30,"column":1}},"1":{"start":{"line":5,"column":2},"end":{"line":29,"column":4}}},"fnMap":{"0":{"name":"(anonymous_0)","decl":{"start":{"line":4,"column":21},"end":{"line":4,"column":22}},"loc":{"start":{"line":4,"column":27},"end":{"line":30,"column":1}},"line":4}},"branchMap":{},"s":{"0":3,"1":7},"f":{"0":7},"b":{},"_coverageSchema":"1a1c01bbd47fc00a2c39e90264f33305004495a9","hash":"56797c8d3f06f2b01f8bfb48a8c3b4b0c7a729cc"}
,"E:\\3rd year\\Project\\TheInvinciblesProjects\\frontend\\src\\components\\RecentMatches.jsx": {"path":"E:\\3rd year\\Project\\TheInvinciblesProjects\\frontend\\src\\components\\RecentMatches.jsx","statementMap":{"0":{"start":{"line":4,"column":22},"end":{"line":150,"column":1}},"1":{"start":{"line":10,"column":32},"end":{"line":10,"column":44}},"2":{"start":{"line":11,"column":38},"end":{"line":11,"column":49}},"3":{"start":{"line":12,"column":40},"end":{"line":12,"column":54}},"4":{"start":{"line":13,"column":32},"end":{"line":13,"column":46}},"5":{"start":{"line":16,"column":2},"end":{"line":18,"column":15}},"6":{"start":{"line":17,"column":4},"end":{"line":17,"column":22}},"7":{"start":{"line":21,"column":2},"end":{"line":52,"column":45}},"8":{"start":{"line":22,"column":25},"end":{"line":49,"column":5}},"9":{"start":{"line":23,"column":6},"end":{"line":48,"column":7}},"10":{"start":{"line":24,"column":8},"end":{"line":24,"column":25}},"11":{"start":{"line":25,"column":24},"end":{"line":25,"column":57}},"12":{"start":{"line":26,"column":20},"end":{"line":28,"column":27}},"13":{"start":{"line":30,"column":25},"end":{"line":36,"column":10}},"14":{"start":{"line":38,"column":8},"end":{"line":38,"column":76}},"15":{"start":{"line":38,"column":26},"end":{"line":38,"column":76}},"16":{"start":{"line":40,"column":21},"end":{"line":40,"column":42}},"17":{"start":{"line":42,"column":8},"end":{"line":42,"column":33}},"18":{"start":{"line":43,"column":8},"end":{"line":43,"column":39}},"19":{"start":{"line":45,"column":8},"end":{"line":45,"column":27}},"20":{"start":{"line":47,"column":8},"end":{"line":47,"column":26}},"21":{"start":{"line":51,"column":4},"end":{"line":51,"column":19}},"22":{"start":{"line":54,"column":2},"end":{"line":149,"column":4}},"23":{"start":{"line":74,"column":15},"end":{"line":118,"column":21}},"24":{"start":{"line":126,"column":31},"end":{"line":126,"column":78}},"25":{"start":{"line":126,"column":56},"end":{"line":126,"column":77}},"26":{"start":{"line":137,"column":18},"end":{"line":137,"column":78}},"27":{"start":{"line":137,"column":43},"end":{"line":137,"column":77}}},"fnMap":{"0":{"name":"(anonymous_0)","decl":{"start":{"line":4,"column":22},"end":{"line":4,"column":23}},"loc":{"start":{"line":9,"column":6},"end":{"line":150,"column":1}},"line":9},"1":{"name":"(anonymous_1)","decl":{"start":{"line":16,"column":12},"end":{"line":16,"column":13}},"loc":{"start":{"line":16,"column":18},"end":{"line":18,"column":3}},"line":16},"2":{"name":"(anonymous_2)","decl":{"start":{"line":21,"column":12},"end":{"line":21,"column":13}},"loc":{"start":{"line":21,"column":18},"end":{"line":52,"column":3}},"line":21},"3":{"name":"(anonymous_3)","decl":{"start":{"line":22,"column":25},"end":{"line":22,"column":26}},"loc":{"start":{"line":22,"column":37},"end":{"line":49,"column":5}},"line":22},"4":{"name":"(anonymous_4)","decl":{"start":{"line":73,"column":25},"end":{"line":73,"column":26}},"loc":{"start":{"line":74,"column":15},"end":{"line":118,"column":21}},"line":74},"5":{"name":"(anonymous_5)","decl":{"start":{"line":126,"column":25},"end":{"line":126,"column":26}},"loc":{"start":{"line":126,"column":31},"end":{"line":126,"column":78}},"line":126},"6":{"name":"(anonymous_6)","decl":{"start":{"line":126,"column":46},"end":{"line":126,"column":47}},"loc":{"start":{"line":126,"column":56},"end":{"line":126,"column":77}},"line":126},"7":{"name":"(anonymous_7)","decl":{"start":{"line":136,"column":25},"end":{"line":136,"column":26}},"loc":{"start":{"line":137,"column":18},"end":{"line":137,"column":78}},"line":137},"8":{"name":"(anonymous_8)","decl":{"start":{"line":137,"column":33},"end":{"line":137,"column":34}},"loc":{"start":{"line":137,"column":43},"end":{"line":137,"column":77}},"line":137}},"branchMap":{"0":{"loc":{"start":{"line":5,"column":2},"end":{"line":5,"column":10}},"type":"default-arg","locations":[{"start":{"line":5,"column":9},"end":{"line":5,"column":10}}],"line":5},"1":{"loc":{"start":{"line":6,"column":2},"end":{"line":6,"column":11}},"type":"default-arg","locations":[{"start":{"line":6,"column":9},"end":{"line":6,"column":11}}],"line":6},"2":{"loc":{"start":{"line":7,"column":2},"end":{"line":7,"column":15}},"type":"default-arg","locations":[{"start":{"line":7,"column":11},"end":{"line":7,"column":15}}],"line":7},"3":{"loc":{"start":{"line":8,"column":2},"end":{"line":8,"column":19}},"type":"default-arg","locations":[{"start":{"line":8,"column":14},"end":{"line":8,"column":19}}],"line":8},"4":{"loc":{"start":{"line":27,"column":10},"end":{"line":27,"column":30}},"type":"cond-expr","locations":[{"start":{"line":27,"column":22},"end":{"line":27,"column":26}},{"start":{"line":27,"column":29},"end":{"line":27,"column":30}}],"line":27},"5":{"loc":{"start":{"line":38,"column":8},"end":{"line":38,"column":76}},"type":"if","locations":[{"start":{"line":38,"column":8},"end":{"line":38,"column":76}},{"start":{},"end":{}}],"line":38},"6":{"loc":{"start":{"line":68,"column":7},"end":{"line":147,"column":7}},"type":"cond-expr","locations":[{"start":{"line":69,"column":8},"end":{"line":69,"column":78}},{"start":{"line":71,"column":8},"end":{"line":146,"column":11}}],"line":68},"7":{"loc":{"start":{"line":123,"column":11},"end":{"line":145,"column":11}},"type":"binary-expr","locations":[{"start":{"line":123,"column":11},"end":{"line":123,"column":19}},{"start":{"line":123,"column":23},"end":{"line":123,"column":32}},{"start":{"line":123,"column":36},"end":{"line":123,"column":50}},{"start":{"line":124,"column":12},"end":{"line":144,"column":18}}],"line":123}},"s":{"0":3,"1":14,"2":14,"3":14,"4":14,"5":14,"6":8,"7":14,"8":9,"9":9,"10":9,"11":9,"12":9,"13":9,"14":9,"15":1,"16":3,"17":3,"18":3,"19":6,"20":9,"21":9,"22":14,"23":1,"24":0,"25":0,"26":1,"27":1},"f":{"0":14,"1":8,"2":9,"3":9,"4":1,"5":0,"6":0,"7":1,"8":1},"b":{"0":[14],"1":[14],"2":[10],"3":[5],"4":[2,7],"5":[1,3],"6":[9,5],"7":[5,5,3,3]},"_coverageSchema":"1a1c01bbd47fc00a2c39e90264f33305004495a9","hash":"ae25c02367f43f18a75efe227ac71bcfe916e302"}
,"E:\\3rd year\\Project\\TheInvinciblesProjects\\frontend\\src\\components\\UpcomingMatches.jsx": {"path":"E:\\3rd year\\Project\\TheInvinciblesProjects\\frontend\\src\\components\\UpcomingMatches.jsx","statementMap":{"0":{"start":{"line":5,"column":24},"end":{"line":147,"column":1}},"1":{"start":{"line":11,"column":32},"end":{"line":11,"column":44}},"2":{"start":{"line":12,"column":38},"end":{"line":12,"column":49}},"3":{"start":{"line":13,"column":40},"end":{"line":13,"column":54}},"4":{"start":{"line":14,"column":32},"end":{"line":14,"column":46}},"5":{"start":{"line":17,"column":2},"end":{"line":19,"column":15}},"6":{"start":{"line":18,"column":4},"end":{"line":18,"column":22}},"7":{"start":{"line":22,"column":2},"end":{"line":51,"column":34}},"8":{"start":{"line":23,"column":25},"end":{"line":48,"column":5}},"9":{"start":{"line":24,"column":6},"end":{"line":47,"column":7}},"10":{"start":{"line":25,"column":8},"end":{"line":25,"column":25}},"11":{"start":{"line":26,"column":24},"end":{"line":26,"column":57}},"12":{"start":{"line":27,"column":20},"end":{"line":27,"column":114}},"13":{"start":{"line":29,"column":25},"end":{"line":35,"column":10}},"14":{"start":{"line":37,"column":8},"end":{"line":37,"column":78}},"15":{"start":{"line":37,"column":26},"end":{"line":37,"column":78}},"16":{"start":{"line":39,"column":21},"end":{"line":39,"column":42}},"17":{"start":{"line":41,"column":8},"end":{"line":41,"column":33}},"18":{"start":{"line":42,"column":8},"end":{"line":42,"column":39}},"19":{"start":{"line":44,"column":8},"end":{"line":44,"column":27}},"20":{"start":{"line":46,"column":8},"end":{"line":46,"column":26}},"21":{"start":{"line":50,"column":4},"end":{"line":50,"column":19}},"22":{"start":{"line":53,"column":2},"end":{"line":146,"column":4}},"23":{"start":{"line":70,"column":12},"end":{"line":116,"column":19}},"24":{"start":{"line":125,"column":31},"end":{"line":125,"column":78}},"25":{"start":{"line":125,"column":56},"end":{"line":125,"column":77}},"26":{"start":{"line":135,"column":31},"end":{"line":135,"column":91}},"27":{"start":{"line":135,"column":56},"end":{"line":135,"column":90}}},"fnMap":{"0":{"name":"(anonymous_0)","decl":{"start":{"line":5,"column":24},"end":{"line":5,"column":25}},"loc":{"start":{"line":10,"column":6},"end":{"line":147,"column":1}},"line":10},"1":{"name":"(anonymous_1)","decl":{"start":{"line":17,"column":12},"end":{"line":17,"column":13}},"loc":{"start":{"line":17,"column":18},"end":{"line":19,"column":3}},"line":17},"2":{"name":"(anonymous_2)","decl":{"start":{"line":22,"column":12},"end":{"line":22,"column":13}},"loc":{"start":{"line":22,"column":18},"end":{"line":51,"column":3}},"line":22},"3":{"name":"(anonymous_3)","decl":{"start":{"line":23,"column":25},"end":{"line":23,"column":26}},"loc":{"start":{"line":23,"column":37},"end":{"line":48,"column":5}},"line":23},"4":{"name":"(anonymous_4)","decl":{"start":{"line":69,"column":23},"end":{"line":69,"column":24}},"loc":{"start":{"line":70,"column":12},"end":{"line":116,"column":19}},"line":70},"5":{"name":"(anonymous_5)","decl":{"start":{"line":125,"column":25},"end":{"line":125,"column":26}},"loc":{"start":{"line":125,"column":31},"end":{"line":125,"column":78}},"line":125},"6":{"name":"(anonymous_6)","decl":{"start":{"line":125,"column":46},"end":{"line":125,"column":47}},"loc":{"start":{"line":125,"column":56},"end":{"line":125,"column":77}},"line":125},"7":{"name":"(anonymous_7)","decl":{"start":{"line":135,"column":25},"end":{"line":135,"column":26}},"loc":{"start":{"line":135,"column":31},"end":{"line":135,"column":91}},"line":135},"8":{"name":"(anonymous_8)","decl":{"start":{"line":135,"column":46},"end":{"line":135,"column":47}},"loc":{"start":{"line":135,"column":56},"end":{"line":135,"column":90}},"line":135}},"branchMap":{"0":{"loc":{"start":{"line":6,"column":2},"end":{"line":6,"column":10}},"type":"default-arg","locations":[{"start":{"line":6,"column":9},"end":{"line":6,"column":10}}],"line":6},"1":{"loc":{"start":{"line":7,"column":2},"end":{"line":7,"column":10}},"type":"default-arg","locations":[{"start":{"line":7,"column":9},"end":{"line":7,"column":10}}],"line":7},"2":{"loc":{"start":{"line":8,"column":2},"end":{"line":8,"column":15}},"type":"default-arg","locations":[{"start":{"line":8,"column":11},"end":{"line":8,"column":15}}],"line":8},"3":{"loc":{"start":{"line":9,"column":2},"end":{"line":9,"column":19}},"type":"default-arg","locations":[{"start":{"line":9,"column":14},"end":{"line":9,"column":19}}],"line":9},"4":{"loc":{"start":{"line":37,"column":8},"end":{"line":37,"column":78}},"type":"if","locations":[{"start":{"line":37,"column":8},"end":{"line":37,"column":78}},{"start":{},"end":{}}],"line":37},"5":{"loc":{"start":{"line":64,"column":7},"end":{"line":144,"column":7}},"type":"cond-expr","locations":[{"start":{"line":65,"column":8},"end":{"line":65,"column":78}},{"start":{"line":67,"column":8},"end":{"line":143,"column":11}}],"line":64},"6":{"loc":{"start":{"line":122,"column":11},"end":{"line":142,"column":11}},"type":"binary-expr","locations":[{"start":{"line":122,"column":11},"end":{"line":122,"column":19}},{"start":{"line":122,"column":23},"end":{"line":122,"column":32}},{"start":{"line":122,"column":36},"end":{"line":122,"column":50}},{"start":{"line":123,"column":12},"end":{"line":141,"column":18}}],"line":122}},"s":{"0":3,"1":15,"2":15,"3":15,"4":15,"5":15,"6":8,"7":15,"8":9,"9":9,"10":9,"11":9,"12":9,"13":9,"14":8,"15":1,"16":3,"17":3,"18":3,"19":6,"20":9,"21":9,"22":15,"23":3,"24":0,"25":0,"26":1,"27":1},"f":{"0":15,"1":8,"2":9,"3":9,"4":3,"5":0,"6":0,"7":1,"8":1},"b":{"0":[15],"1":[11],"2":[15],"3":[6],"4":[1,3],"5":[9,6],"6":[6,6,3,3]},"_coverageSchema":"1a1c01bbd47fc00a2c39e90264f33305004495a9","hash":"71259891e3a9db4f653dcae839e497f671e2d1cc"}
,"E:\\3rd year\\Project\\TheInvinciblesProjects\\frontend\\src\\components\\UserDetailsCard.jsx": {"path":"E:\\3rd year\\Project\\TheInvinciblesProjects\\frontend\\src\\components\\UserDetailsCard.jsx","statementMap":{"0":{"start":{"line":7,"column":28},"end":{"line":7,"column":51}},"1":{"start":{"line":8,"column":34},"end":{"line":8,"column":46}},"2":{"start":{"line":10,"column":2},"end":{"line":14,"column":13}},"3":{"start":{"line":11,"column":4},"end":{"line":13,"column":5}},"4":{"start":{"line":12,"column":6},"end":{"line":12,"column":33}},"5":{"start":{"line":16,"column":21},"end":{"line":42,"column":3}},"6":{"start":{"line":17,"column":4},"end":{"line":41,"column":5}},"7":{"start":{"line":18,"column":20},"end":{"line":18,"column":53}},"8":{"start":{"line":19,"column":23},"end":{"line":26,"column":8}},"9":{"start":{"line":28,"column":6},"end":{"line":28,"column":69}},"10":{"start":{"line":28,"column":24},"end":{"line":28,"column":69}},"11":{"start":{"line":30,"column":26},"end":{"line":30,"column":47}},"12":{"start":{"line":31,"column":6},"end":{"line":31,"column":48}},"13":{"start":{"line":34,"column":6},"end":{"line":38,"column":9}},"14":{"start":{"line":35,"column":24},"end":{"line":35,"column":55}},"15":{"start":{"line":36,"column":8},"end":{"line":36,"column":67}},"16":{"start":{"line":37,"column":8},"end":{"line":37,"column":23}},"17":{"start":{"line":40,"column":6},"end":{"line":40,"column":53}},"18":{"start":{"line":45,"column":2},"end":{"line":45,"column":25}},"19":{"start":{"line":45,"column":13},"end":{"line":45,"column":25}},"20":{"start":{"line":47,"column":21},"end":{"line":51,"column":4}},"21":{"start":{"line":53,"column":2},"end":{"line":93,"column":4}},"22":{"start":{"line":62,"column":25},"end":{"line":62,"column":70}},"23":{"start":{"line":71,"column":61},"end":{"line":71,"column":79}},"24":{"start":{"line":81,"column":29},"end":{"line":81,"column":56}}},"fnMap":{"0":{"name":"UserDetailsCard","decl":{"start":{"line":6,"column":24},"end":{"line":6,"column":39}},"loc":{"start":{"line":6,"column":42},"end":{"line":94,"column":1}},"line":6},"1":{"name":"(anonymous_1)","decl":{"start":{"line":10,"column":12},"end":{"line":10,"column":13}},"loc":{"start":{"line":10,"column":18},"end":{"line":14,"column":3}},"line":10},"2":{"name":"(anonymous_2)","decl":{"start":{"line":16,"column":21},"end":{"line":16,"column":22}},"loc":{"start":{"line":16,"column":33},"end":{"line":42,"column":3}},"line":16},"3":{"name":"(anonymous_3)","decl":{"start":{"line":34,"column":14},"end":{"line":34,"column":15}},"loc":{"start":{"line":34,"column":26},"end":{"line":38,"column":7}},"line":34},"4":{"name":"(anonymous_4)","decl":{"start":{"line":62,"column":19},"end":{"line":62,"column":20}},"loc":{"start":{"line":62,"column":25},"end":{"line":62,"column":70}},"line":62},"5":{"name":"(anonymous_5)","decl":{"start":{"line":71,"column":54},"end":{"line":71,"column":55}},"loc":{"start":{"line":71,"column":61},"end":{"line":71,"column":79}},"line":71},"6":{"name":"(anonymous_6)","decl":{"start":{"line":81,"column":22},"end":{"line":81,"column":23}},"loc":{"start":{"line":81,"column":29},"end":{"line":81,"column":56}},"line":81}},"branchMap":{"0":{"loc":{"start":{"line":11,"column":4},"end":{"line":13,"column":5}},"type":"if","locations":[{"start":{"line":11,"column":4},"end":{"line":13,"column":5}},{"start":{},"end":{}}],"line":11},"1":{"loc":{"start":{"line":28,"column":6},"end":{"line":28,"column":69}},"type":"if","locations":[{"start":{"line":28,"column":6},"end":{"line":28,"column":69}},{"start":{},"end":{}}],"line":28},"2":{"loc":{"start":{"line":45,"column":2},"end":{"line":45,"column":25}},"type":"if","locations":[{"start":{"line":45,"column":2},"end":{"line":45,"column":25}},{"start":{},"end":{}}],"line":45}},"s":{"0":17,"1":17,"2":17,"3":8,"4":7,"5":17,"6":1,"7":1,"8":1,"9":1,"10":0,"11":1,"12":1,"13":1,"14":1,"15":1,"16":1,"17":0,"18":17,"19":1,"20":16,"21":16,"22":1,"23":0,"24":2},"f":{"0":17,"1":8,"2":1,"3":1,"4":1,"5":0,"6":2},"b":{"0":[7,1],"1":[0,1],"2":[1,16]},"_coverageSchema":"1a1c01bbd47fc00a2c39e90264f33305004495a9","hash":"f4c89652be69034a2538bffefdf332afe197c8f5"}
,"E:\\3rd year\\Project\\TheInvinciblesProjects\\frontend\\src\\components\\WelcomeBanner.jsx": {"path":"E:\\3rd year\\Project\\TheInvinciblesProjects\\frontend\\src\\components\\WelcomeBanner.jsx","statementMap":{"0":{"start":{"line":5,"column":22},"end":{"line":26,"column":1}},"1":{"start":{"line":6,"column":19},"end":{"line":6,"column":42}},"2":{"start":{"line":8,"column":2},"end":{"line":8,"column":25}},"3":{"start":{"line":8,"column":13},"end":{"line":8,"column":25}},"4":{"start":{"line":10,"column":2},"end":{"line":25,"column":4}}},"fnMap":{"0":{"name":"(anonymous_0)","decl":{"start":{"line":5,"column":22},"end":{"line":5,"column":23}},"loc":{"start":{"line":5,"column":28},"end":{"line":26,"column":1}},"line":5}},"branchMap":{"0":{"loc":{"start":{"line":8,"column":2},"end":{"line":8,"column":25}},"type":"if","locations":[{"start":{"line":8,"column":2},"end":{"line":8,"column":25}},{"start":{},"end":{}}],"line":8}},"s":{"0":3,"1":6,"2":6,"3":1,"4":5},"f":{"0":6},"b":{"0":[1,5]},"_coverageSchema":"1a1c01bbd47fc00a2c39e90264f33305004495a9","hash":"6e384e381173123bd5b6b011f34663cc8e128513"}
,"E:\\3rd year\\Project\\TheInvinciblesProjects\\frontend\\src\\components\\upcomingMatch\\FixtureInfo.jsx": {"path":"E:\\3rd year\\Project\\TheInvinciblesProjects\\frontend\\src\\components\\upcomingMatch\\FixtureInfo.jsx","statementMap":{"0":{"start":{"line":4,"column":20},"end":{"line":117,"column":1}},"1":{"start":{"line":5,"column":19},"end":{"line":5,"column":32}},"2":{"start":{"line":6,"column":20},"end":{"line":6,"column":40}},"3":{"start":{"line":8,"column":21},"end":{"line":17,"column":3}},"4":{"start":{"line":9,"column":4},"end":{"line":9,"column":34}},"5":{"start":{"line":9,"column":21},"end":{"line":9,"column":34}},"6":{"start":{"line":10,"column":17},"end":{"line":10,"column":37}},"7":{"start":{"line":11,"column":4},"end":{"line":16,"column":20}},"8":{"start":{"line":19,"column":21},"end":{"line":30,"column":3}},"9":{"start":{"line":20,"column":4},"end":{"line":20,"column":34}},"10":{"start":{"line":20,"column":21},"end":{"line":20,"column":34}},"11":{"start":{"line":21,"column":17},"end":{"line":21,"column":37}},"12":{"start":{"line":22,"column":4},"end":{"line":29,"column":6}},"13":{"start":{"line":32,"column":2},"end":{"line":34,"column":3}},"14":{"start":{"line":33,"column":4},"end":{"line":33,"column":45}},"15":{"start":{"line":36,"column":2},"end":{"line":116,"column":4}}},"fnMap":{"0":{"name":"(anonymous_0)","decl":{"start":{"line":4,"column":20},"end":{"line":4,"column":21}},"loc":{"start":{"line":4,"column":26},"end":{"line":117,"column":1}},"line":4},"1":{"name":"(anonymous_1)","decl":{"start":{"line":8,"column":21},"end":{"line":8,"column":22}},"loc":{"start":{"line":8,"column":37},"end":{"line":17,"column":3}},"line":8},"2":{"name":"(anonymous_2)","decl":{"start":{"line":19,"column":21},"end":{"line":19,"column":22}},"loc":{"start":{"line":19,"column":37},"end":{"line":30,"column":3}},"line":19}},"branchMap":{"0":{"loc":{"start":{"line":6,"column":20},"end":{"line":6,"column":40}},"type":"binary-expr","locations":[{"start":{"line":6,"column":20},"end":{"line":6,"column":34}},{"start":{"line":6,"column":38},"end":{"line":6,"column":40}}],"line":6},"1":{"loc":{"start":{"line":9,"column":4},"end":{"line":9,"column":34}},"type":"if","locations":[{"start":{"line":9,"column":4},"end":{"line":9,"column":34}},{"start":{},"end":{}}],"line":9},"2":{"loc":{"start":{"line":20,"column":4},"end":{"line":20,"column":34}},"type":"if","locations":[{"start":{"line":20,"column":4},"end":{"line":20,"column":34}},{"start":{},"end":{}}],"line":20},"3":{"loc":{"start":{"line":32,"column":2},"end":{"line":34,"column":3}},"type":"if","locations":[{"start":{"line":32,"column":2},"end":{"line":34,"column":3}},{"start":{},"end":{}}],"line":32},"4":{"loc":{"start":{"line":47,"column":28},"end":{"line":47,"column":54}},"type":"binary-expr","locations":[{"start":{"line":47,"column":28},"end":{"line":47,"column":39}},{"start":{"line":47,"column":43},"end":{"line":47,"column":54}}],"line":47},"5":{"loc":{"start":{"line":56,"column":13},"end":{"line":64,"column":13}},"type":"cond-expr","locations":[{"start":{"line":57,"column":14},"end":{"line":61,"column":16}},{"start":{"line":63,"column":14},"end":{"line":63,"column":54}}],"line":56},"6":{"loc":{"start":{"line":76,"column":13},"end":{"line":84,"column":13}},"type":"cond-expr","locations":[{"start":{"line":77,"column":14},"end":{"line":81,"column":16}},{"start":{"line":83,"column":14},"end":{"line":83,"column":54}}],"line":76},"7":{"loc":{"start":{"line":111,"column":13},"end":{"line":111,"column":41}},"type":"binary-expr","locations":[{"start":{"line":111,"column":13},"end":{"line":111,"column":24}},{"start":{"line":111,"column":28},"end":{"line":111,"column":41}}],"line":111}},"s":{"0":2,"1":3,"2":3,"3":3,"4":2,"5":1,"6":1,"7":1,"8":3,"9":2,"10":1,"11":1,"12":1,"13":3,"14":1,"15":2},"f":{"0":3,"1":2,"2":2},"b":{"0":[3,0],"1":[1,1],"2":[1,1],"3":[1,2],"4":[2,1],"5":[1,1],"6":[1,1],"7":[2,1]},"_coverageSchema":"1a1c01bbd47fc00a2c39e90264f33305004495a9","hash":"60f5841d082e7c067f39e57cf749266428da497c"}
,"E:\\3rd year\\Project\\TheInvinciblesProjects\\frontend\\src\\components\\upcomingMatch\\HeadToHead.jsx": {"path":"E:\\3rd year\\Project\\TheInvinciblesProjects\\frontend\\src\\components\\upcomingMatch\\HeadToHead.jsx","statementMap":{"0":{"start":{"line":4,"column":19},"end":{"line":108,"column":1}},"1":{"start":{"line":5,"column":19},"end":{"line":5,"column":32}},"2":{"start":{"line":6,"column":20},"end":{"line":6,"column":40}},"3":{"start":{"line":8,"column":46},"end":{"line":8,"column":58}},"4":{"start":{"line":9,"column":32},"end":{"line":9,"column":47}},"5":{"start":{"line":10,"column":28},"end":{"line":10,"column":42}},"6":{"start":{"line":12,"column":2},"end":{"line":58,"column":14}},"7":{"start":{"line":13,"column":4},"end":{"line":13,"column":53}},"8":{"start":{"line":13,"column":46},"end":{"line":13,"column":53}},"9":{"start":{"line":15,"column":28},"end":{"line":55,"column":5}},"10":{"start":{"line":16,"column":6},"end":{"line":54,"column":7}},"11":{"start":{"line":17,"column":8},"end":{"line":17,"column":25}},"12":{"start":{"line":18,"column":24},"end":{"line":18,"column":57}},"13":{"start":{"line":19,"column":23},"end":{"line":22,"column":10}},"14":{"start":{"line":24,"column":25},"end":{"line":30,"column":10}},"15":{"start":{"line":32,"column":8},"end":{"line":32,"column":79}},"16":{"start":{"line":32,"column":26},"end":{"line":32,"column":79}},"17":{"start":{"line":34,"column":21},"end":{"line":34,"column":42}},"18":{"start":{"line":36,"column":30},"end":{"line":47,"column":11}},"19":{"start":{"line":36,"column":47},"end":{"line":47,"column":9}},"20":{"start":{"line":49,"column":8},"end":{"line":49,"column":41}},"21":{"start":{"line":50,"column":8},"end":{"line":50,"column":26}},"22":{"start":{"line":52,"column":8},"end":{"line":52,"column":30}},"23":{"start":{"line":53,"column":8},"end":{"line":53,"column":26}},"24":{"start":{"line":57,"column":4},"end":{"line":57,"column":22}},"25":{"start":{"line":60,"column":2},"end":{"line":60,"column":65}},"26":{"start":{"line":60,"column":15},"end":{"line":60,"column":65}},"27":{"start":{"line":61,"column":2},"end":{"line":61,"column":71}},"28":{"start":{"line":61,"column":13},"end":{"line":61,"column":71}},"29":{"start":{"line":62,"column":2},"end":{"line":62,"column":84}},"30":{"start":{"line":62,"column":35},"end":{"line":62,"column":84}},"31":{"start":{"line":64,"column":2},"end":{"line":107,"column":4}},"32":{"start":{"line":71,"column":10},"end":{"line":103,"column":16}}},"fnMap":{"0":{"name":"(anonymous_0)","decl":{"start":{"line":4,"column":19},"end":{"line":4,"column":20}},"loc":{"start":{"line":4,"column":25},"end":{"line":108,"column":1}},"line":4},"1":{"name":"(anonymous_1)","decl":{"start":{"line":12,"column":12},"end":{"line":12,"column":13}},"loc":{"start":{"line":12,"column":18},"end":{"line":58,"column":3}},"line":12},"2":{"name":"(anonymous_2)","decl":{"start":{"line":15,"column":28},"end":{"line":15,"column":29}},"loc":{"start":{"line":15,"column":40},"end":{"line":55,"column":5}},"line":15},"3":{"name":"(anonymous_3)","decl":{"start":{"line":36,"column":39},"end":{"line":36,"column":40}},"loc":{"start":{"line":36,"column":47},"end":{"line":47,"column":9}},"line":36},"4":{"name":"(anonymous_4)","decl":{"start":{"line":70,"column":28},"end":{"line":70,"column":29}},"loc":{"start":{"line":71,"column":10},"end":{"line":103,"column":16}},"line":71}},"branchMap":{"0":{"loc":{"start":{"line":6,"column":20},"end":{"line":6,"column":40}},"type":"binary-expr","locations":[{"start":{"line":6,"column":20},"end":{"line":6,"column":34}},{"start":{"line":6,"column":38},"end":{"line":6,"column":40}}],"line":6},"1":{"loc":{"start":{"line":13,"column":4},"end":{"line":13,"column":53}},"type":"if","locations":[{"start":{"line":13,"column":4},"end":{"line":13,"column":53}},{"start":{},"end":{}}],"line":13},"2":{"loc":{"start":{"line":13,"column":8},"end":{"line":13,"column":44}},"type":"binary-expr","locations":[{"start":{"line":13,"column":8},"end":{"line":13,"column":24}},{"start":{"line":13,"column":28},"end":{"line":13,"column":44}}],"line":13},"3":{"loc":{"start":{"line":32,"column":8},"end":{"line":32,"column":79}},"type":"if","locations":[{"start":{"line":32,"column":8},"end":{"line":32,"column":79}},{"start":{},"end":{}}],"line":32},"4":{"loc":{"start":{"line":38,"column":20},"end":{"line":38,"column":70}},"type":"binary-expr","locations":[{"start":{"line":38,"column":20},"end":{"line":38,"column":30}},{"start":{"line":38,"column":34},"end":{"line":38,"column":70}}],"line":38},"5":{"loc":{"start":{"line":40,"column":20},"end":{"line":40,"column":70}},"type":"binary-expr","locations":[{"start":{"line":40,"column":20},"end":{"line":40,"column":30}},{"start":{"line":40,"column":34},"end":{"line":40,"column":70}}],"line":40},"6":{"loc":{"start":{"line":60,"column":2},"end":{"line":60,"column":65}},"type":"if","locations":[{"start":{"line":60,"column":2},"end":{"line":60,"column":65}},{"start":{},"end":{}}],"line":60},"7":{"loc":{"start":{"line":61,"column":2},"end":{"line":61,"column":71}},"type":"if","locations":[{"start":{"line":61,"column":2},"end":{"line":61,"column":71}},{"start":{},"end":{}}],"line":61},"8":{"loc":{"start":{"line":62,"column":2},"end":{"line":62,"column":84}},"type":"if","locations":[{"start":{"line":62,"column":2},"end":{"line":62,"column":84}},{"start":{},"end":{}}],"line":62}},"s":{"0":2,"1":12,"2":12,"3":12,"4":12,"5":12,"6":12,"7":9,"8":0,"9":9,"10":9,"11":9,"12":9,"13":9,"14":9,"15":9,"16":3,"17":6,"18":6,"19":3,"20":6,"21":6,"22":3,"23":3,"24":9,"25":12,"26":6,"27":6,"28":1,"29":5,"30":4,"31":1,"32":1},"f":{"0":12,"1":9,"2":9,"3":3,"4":1},"b":{"0":[12,0],"1":[0,9],"2":[9,9],"3":[3,6],"4":[3,0],"5":[3,0],"6":[6,6],"7":[1,5],"8":[4,1]},"_coverageSchema":"1a1c01bbd47fc00a2c39e90264f33305004495a9","hash":"01369a133c6bbfde1573d8b7286a0d4c1d19b64d"}
,"E:\\3rd year\\Project\\TheInvinciblesProjects\\frontend\\src\\components\\upcomingMatch\\MatchPrediction.jsx": {"path":"E:\\3rd year\\Project\\TheInvinciblesProjects\\frontend\\src\\components\\upcomingMatch\\MatchPrediction.jsx","statementMap":{"0":{"start":{"line":4,"column":24},"end":{"line":158,"column":1}},"1":{"start":{"line":5,"column":19},"end":{"line":5,"column":32}},"2":{"start":{"line":6,"column":20},"end":{"line":6,"column":40}},"3":{"start":{"line":7,"column":46},"end":{"line":7,"column":61}},"4":{"start":{"line":8,"column":38},"end":{"line":8,"column":52}},"5":{"start":{"line":9,"column":32},"end":{"line":9,"column":47}},"6":{"start":{"line":10,"column":28},"end":{"line":10,"column":42}},"7":{"start":{"line":11,"column":36},"end":{"line":11,"column":48}},"8":{"start":{"line":12,"column":36},"end":{"line":12,"column":48}},"9":{"start":{"line":14,"column":24},"end":{"line":55,"column":1}},"10":{"start":{"line":15,"column":2},"end":{"line":15,"column":51}},"11":{"start":{"line":15,"column":44},"end":{"line":15,"column":51}},"12":{"start":{"line":16,"column":2},"end":{"line":16,"column":19}},"13":{"start":{"line":17,"column":2},"end":{"line":17,"column":17}},"14":{"start":{"line":19,"column":2},"end":{"line":54,"column":3}},"15":{"start":{"line":20,"column":18},"end":{"line":20,"column":51}},"16":{"start":{"line":22,"column":19},"end":{"line":26,"column":6}},"17":{"start":{"line":28,"column":21},"end":{"line":33,"column":6}},"18":{"start":{"line":35,"column":17},"end":{"line":35,"column":38}},"19":{"start":{"line":36,"column":4},"end":{"line":36,"column":50}},"20":{"start":{"line":38,"column":4},"end":{"line":40,"column":5}},"21":{"start":{"line":39,"column":6},"end":{"line":39,"column":64}},"22":{"start":{"line":42,"column":4},"end":{"line":48,"column":5}},"23":{"start":{"line":43,"column":19},"end":{"line":43,"column":35}},"24":{"start":{"line":44,"column":6},"end":{"line":44,"column":26}},"25":{"start":{"line":46,"column":6},"end":{"line":46,"column":66}},"26":{"start":{"line":47,"column":6},"end":{"line":47,"column":52}},"27":{"start":{"line":50,"column":4},"end":{"line":50,"column":53}},"28":{"start":{"line":51,"column":4},"end":{"line":51,"column":44}},"29":{"start":{"line":53,"column":4},"end":{"line":53,"column":22}},"30":{"start":{"line":57,"column":29},"end":{"line":62,"column":3}},"31":{"start":{"line":58,"column":4},"end":{"line":60,"column":5}},"32":{"start":{"line":59,"column":6},"end":{"line":59,"column":24}},"33":{"start":{"line":61,"column":4},"end":{"line":61,"column":39}},"34":{"start":{"line":64,"column":28},"end":{"line":69,"column":3}},"35":{"start":{"line":65,"column":18},"end":{"line":65,"column":32}},"36":{"start":{"line":66,"column":4},"end":{"line":68,"column":5}},"37":{"start":{"line":67,"column":6},"end":{"line":67,"column":20}},"38":{"start":{"line":71,"column":33},"end":{"line":80,"column":3}},"39":{"start":{"line":72,"column":4},"end":{"line":75,"column":5}},"40":{"start":{"line":73,"column":6},"end":{"line":73,"column":53}},"41":{"start":{"line":74,"column":6},"end":{"line":74,"column":13}},"42":{"start":{"line":77,"column":4},"end":{"line":77,"column":109}},"43":{"start":{"line":78,"column":4},"end":{"line":78,"column":21}},"44":{"start":{"line":79,"column":4},"end":{"line":79,"column":21}},"45":{"start":{"line":82,"column":30},"end":{"line":85,"column":3}},"46":{"start":{"line":83,"column":17},"end":{"line":83,"column":32}},"47":{"start":{"line":84,"column":4},"end":{"line":84,"column":26}},"48":{"start":{"line":87,"column":2},"end":{"line":157,"column":4}},"49":{"start":{"line":135,"column":29},"end":{"line":135,"column":63}},"50":{"start":{"line":145,"column":29},"end":{"line":145,"column":63}}},"fnMap":{"0":{"name":"(anonymous_0)","decl":{"start":{"line":4,"column":24},"end":{"line":4,"column":25}},"loc":{"start":{"line":4,"column":30},"end":{"line":158,"column":1}},"line":4},"1":{"name":"(anonymous_1)","decl":{"start":{"line":14,"column":24},"end":{"line":14,"column":25}},"loc":{"start":{"line":14,"column":36},"end":{"line":55,"column":1}},"line":14},"2":{"name":"(anonymous_2)","decl":{"start":{"line":57,"column":29},"end":{"line":57,"column":30}},"loc":{"start":{"line":57,"column":35},"end":{"line":62,"column":3}},"line":57},"3":{"name":"(anonymous_3)","decl":{"start":{"line":64,"column":28},"end":{"line":64,"column":29}},"loc":{"start":{"line":64,"column":43},"end":{"line":69,"column":3}},"line":64},"4":{"name":"(anonymous_4)","decl":{"start":{"line":71,"column":33},"end":{"line":71,"column":34}},"loc":{"start":{"line":71,"column":39},"end":{"line":80,"column":3}},"line":71},"5":{"name":"(anonymous_5)","decl":{"start":{"line":82,"column":30},"end":{"line":82,"column":31}},"loc":{"start":{"line":82,"column":40},"end":{"line":85,"column":3}},"line":82},"6":{"name":"(anonymous_6)","decl":{"start":{"line":135,"column":22},"end":{"line":135,"column":23}},"loc":{"start":{"line":135,"column":29},"end":{"line":135,"column":63}},"line":135},"7":{"name":"(anonymous_7)","decl":{"start":{"line":145,"column":22},"end":{"line":145,"column":23}},"loc":{"start":{"line":145,"column":29},"end":{"line":145,"column":63}},"line":145}},"branchMap":{"0":{"loc":{"start":{"line":6,"column":20},"end":{"line":6,"column":40}},"type":"binary-expr","locations":[{"start":{"line":6,"column":20},"end":{"line":6,"column":34}},{"start":{"line":6,"column":38},"end":{"line":6,"column":40}}],"line":6},"1":{"loc":{"start":{"line":15,"column":2},"end":{"line":15,"column":51}},"type":"if","locations":[{"start":{"line":15,"column":2},"end":{"line":15,"column":51}},{"start":{},"end":{}}],"line":15},"2":{"loc":{"start":{"line":15,"column":6},"end":{"line":15,"column":42}},"type":"binary-expr","locations":[{"start":{"line":15,"column":6},"end":{"line":15,"column":22}},{"start":{"line":15,"column":26},"end":{"line":15,"column":42}}],"line":15},"3":{"loc":{"start":{"line":38,"column":4},"end":{"line":40,"column":5}},"type":"if","locations":[{"start":{"line":38,"column":4},"end":{"line":40,"column":5}},{"start":{},"end":{}}],"line":38},"4":{"loc":{"start":{"line":58,"column":4},"end":{"line":60,"column":5}},"type":"if","locations":[{"start":{"line":58,"column":4},"end":{"line":60,"column":5}},{"start":{},"end":{}}],"line":58},"5":{"loc":{"start":{"line":66,"column":4},"end":{"line":68,"column":5}},"type":"if","locations":[{"start":{"line":66,"column":4},"end":{"line":68,"column":5}},{"start":{},"end":{}}],"line":66},"6":{"loc":{"start":{"line":66,"column":8},"end":{"line":66,"column":67}},"type":"binary-expr","locations":[{"start":{"line":66,"column":8},"end":{"line":66,"column":20}},{"start":{"line":66,"column":25},"end":{"line":66,"column":43}},{"start":{"line":66,"column":47},"end":{"line":66,"column":66}}],"line":66},"7":{"loc":{"start":{"line":72,"column":4},"end":{"line":75,"column":5}},"type":"if","locations":[{"start":{"line":72,"column":4},"end":{"line":75,"column":5}},{"start":{},"end":{}}],"line":72},"8":{"loc":{"start":{"line":72,"column":8},"end":{"line":72,"column":90}},"type":"binary-expr","locations":[{"start":{"line":72,"column":9},"end":{"line":72,"column":25}},{"start":{"line":72,"column":29},"end":{"line":72,"column":45}},{"start":{"line":72,"column":51},"end":{"line":72,"column":68}},{"start":{"line":72,"column":72},"end":{"line":72,"column":89}}],"line":72},"9":{"loc":{"start":{"line":77,"column":53},"end":{"line":77,"column":67}},"type":"binary-expr","locations":[{"start":{"line":77,"column":53},"end":{"line":77,"column":62}},{"start":{"line":77,"column":66},"end":{"line":77,"column":67}}],"line":77},"10":{"loc":{"start":{"line":77,"column":73},"end":{"line":77,"column":87}},"type":"binary-expr","locations":[{"start":{"line":77,"column":73},"end":{"line":77,"column":82}},{"start":{"line":77,"column":86},"end":{"line":77,"column":87}}],"line":77},"11":{"loc":{"start":{"line":98,"column":9},"end":{"line":98,"column":70}},"type":"cond-expr","locations":[{"start":{"line":98,"column":26},"end":{"line":98,"column":43}},{"start":{"line":98,"column":46},"end":{"line":98,"column":70}}],"line":98},"12":{"loc":{"start":{"line":101,"column":7},"end":{"line":124,"column":7}},"type":"binary-expr","locations":[{"start":{"line":101,"column":7},"end":{"line":101,"column":21}},{"start":{"line":102,"column":8},"end":{"line":123,"column":14}}],"line":101},"13":{"loc":{"start":{"line":103,"column":11},"end":{"line":103,"column":50}},"type":"binary-expr","locations":[{"start":{"line":103,"column":11},"end":{"line":103,"column":18}},{"start":{"line":103,"column":22},"end":{"line":103,"column":50}}],"line":103},"14":{"loc":{"start":{"line":104,"column":11},"end":{"line":104,"column":59}},"type":"binary-expr","locations":[{"start":{"line":104,"column":11},"end":{"line":104,"column":16}},{"start":{"line":104,"column":20},"end":{"line":104,"column":59}}],"line":104},"15":{"loc":{"start":{"line":105,"column":11},"end":{"line":122,"column":11}},"type":"binary-expr","locations":[{"start":{"line":105,"column":11},"end":{"line":105,"column":21}},{"start":{"line":106,"column":12},"end":{"line":121,"column":15}}],"line":105},"16":{"loc":{"start":{"line":112,"column":17},"end":{"line":116,"column":28}},"type":"cond-expr","locations":[{"start":{"line":113,"column":20},"end":{"line":113,"column":48}},{"start":{"line":114,"column":20},"end":{"line":116,"column":28}}],"line":112},"17":{"loc":{"start":{"line":114,"column":20},"end":{"line":116,"column":28}},"type":"cond-expr","locations":[{"start":{"line":115,"column":22},"end":{"line":115,"column":50}},{"start":{"line":116,"column":22},"end":{"line":116,"column":28}}],"line":114}},"s":{"0":2,"1":15,"2":15,"3":15,"4":15,"5":15,"6":15,"7":15,"8":15,"9":15,"10":4,"11":0,"12":4,"13":4,"14":4,"15":4,"16":4,"17":4,"18":4,"19":0,"20":0,"21":0,"22":0,"23":0,"24":0,"25":0,"26":0,"27":4,"28":4,"29":4,"30":15,"31":4,"32":4,"33":4,"34":15,"35":2,"36":2,"37":2,"38":15,"39":2,"40":1,"41":1,"42":1,"43":1,"44":1,"45":15,"46":0,"47":0,"48":15,"49":1,"50":1},"f":{"0":15,"1":4,"2":4,"3":2,"4":2,"5":0,"6":1,"7":1},"b":{"0":[15,0],"1":[0,4],"2":[4,4],"3":[0,0],"4":[4,0],"5":[2,0],"6":[2,2,2],"7":[1,1],"8":[2,1,1,0],"9":[1,0],"10":[1,0],"11":[11,4],"12":[15,11],"13":[11,4],"14":[11,7],"15":[11,0],"16":[0,0],"17":[0,0]},"_coverageSchema":"1a1c01bbd47fc00a2c39e90264f33305004495a9","hash":"67ab9c419ed5440594dbc883b98a460f6374a5f5"}
,"E:\\3rd year\\Project\\TheInvinciblesProjects\\frontend\\src\\components\\upcomingMatch\\RecentForm.jsx": {"path":"E:\\3rd year\\Project\\TheInvinciblesProjects\\frontend\\src\\components\\upcomingMatch\\RecentForm.jsx","statementMap":{"0":{"start":{"line":5,"column":19},"end":{"line":139,"column":1}},"1":{"start":{"line":6,"column":19},"end":{"line":6,"column":32}},"2":{"start":{"line":7,"column":20},"end":{"line":7,"column":40}},"3":{"start":{"line":8,"column":36},"end":{"line":8,"column":48}},"4":{"start":{"line":9,"column":32},"end":{"line":9,"column":46}},"5":{"start":{"line":11,"column":2},"end":{"line":66,"column":14}},"6":{"start":{"line":12,"column":4},"end":{"line":12,"column":23}},"7":{"start":{"line":12,"column":16},"end":{"line":12,"column":23}},"8":{"start":{"line":14,"column":28},"end":{"line":63,"column":5}},"9":{"start":{"line":15,"column":6},"end":{"line":62,"column":7}},"10":{"start":{"line":16,"column":8},"end":{"line":16,"column":25}},"11":{"start":{"line":17,"column":24},"end":{"line":17,"column":57}},"12":{"start":{"line":18,"column":20},"end":{"line":18,"column":128}},"13":{"start":{"line":20,"column":25},"end":{"line":26,"column":10}},"14":{"start":{"line":28,"column":8},"end":{"line":28,"column":79}},"15":{"start":{"line":28,"column":26},"end":{"line":28,"column":79}},"16":{"start":{"line":30,"column":21},"end":{"line":30,"column":42}},"17":{"start":{"line":33,"column":28},"end":{"line":54,"column":9}},"18":{"start":{"line":38,"column":58},"end":{"line":42,"column":13}},"19":{"start":{"line":48,"column":58},"end":{"line":52,"column":13}},"20":{"start":{"line":57,"column":8},"end":{"line":57,"column":34}},"21":{"start":{"line":59,"column":8},"end":{"line":59,"column":29}},"22":{"start":{"line":61,"column":8},"end":{"line":61,"column":26}},"23":{"start":{"line":65,"column":4},"end":{"line":65,"column":22}},"24":{"start":{"line":68,"column":32},"end":{"line":79,"column":3}},"25":{"start":{"line":69,"column":4},"end":{"line":78,"column":5}},"26":{"start":{"line":71,"column":8},"end":{"line":71,"column":43}},"27":{"start":{"line":73,"column":8},"end":{"line":73,"column":40}},"28":{"start":{"line":75,"column":8},"end":{"line":75,"column":38}},"29":{"start":{"line":77,"column":8},"end":{"line":77,"column":40}},"30":{"start":{"line":81,"column":2},"end":{"line":81,"column":44}},"31":{"start":{"line":81,"column":15},"end":{"line":81,"column":44}},"32":{"start":{"line":82,"column":2},"end":{"line":82,"column":61}},"33":{"start":{"line":82,"column":25},"end":{"line":82,"column":61}},"34":{"start":{"line":84,"column":2},"end":{"line":138,"column":4}},"35":{"start":{"line":93,"column":10},"end":{"line":134,"column":16}},"36":{"start":{"line":107,"column":16},"end":{"line":115,"column":22}},"37":{"start":{"line":120,"column":16},"end":{"line":131,"column":21}}},"fnMap":{"0":{"name":"(anonymous_0)","decl":{"start":{"line":5,"column":19},"end":{"line":5,"column":20}},"loc":{"start":{"line":5,"column":25},"end":{"line":139,"column":1}},"line":5},"1":{"name":"(anonymous_1)","decl":{"start":{"line":11,"column":12},"end":{"line":11,"column":13}},"loc":{"start":{"line":11,"column":18},"end":{"line":66,"column":3}},"line":11},"2":{"name":"(anonymous_2)","decl":{"start":{"line":14,"column":28},"end":{"line":14,"column":29}},"loc":{"start":{"line":14,"column":40},"end":{"line":63,"column":5}},"line":14},"3":{"name":"(anonymous_3)","decl":{"start":{"line":38,"column":50},"end":{"line":38,"column":51}},"loc":{"start":{"line":38,"column":58},"end":{"line":42,"column":13}},"line":38},"4":{"name":"(anonymous_4)","decl":{"start":{"line":48,"column":50},"end":{"line":48,"column":51}},"loc":{"start":{"line":48,"column":58},"end":{"line":52,"column":13}},"line":48},"5":{"name":"(anonymous_5)","decl":{"start":{"line":68,"column":32},"end":{"line":68,"column":33}},"loc":{"start":{"line":68,"column":44},"end":{"line":79,"column":3}},"line":68},"6":{"name":"(anonymous_6)","decl":{"start":{"line":92,"column":23},"end":{"line":92,"column":24}},"loc":{"start":{"line":93,"column":10},"end":{"line":134,"column":16}},"line":93},"7":{"name":"(anonymous_7)","decl":{"start":{"line":106,"column":29},"end":{"line":106,"column":30}},"loc":{"start":{"line":107,"column":16},"end":{"line":115,"column":22}},"line":107},"8":{"name":"(anonymous_8)","decl":{"start":{"line":119,"column":32},"end":{"line":119,"column":33}},"loc":{"start":{"line":120,"column":16},"end":{"line":131,"column":21}},"line":120}},"branchMap":{"0":{"loc":{"start":{"line":7,"column":20},"end":{"line":7,"column":40}},"type":"binary-expr","locations":[{"start":{"line":7,"column":20},"end":{"line":7,"column":34}},{"start":{"line":7,"column":38},"end":{"line":7,"column":40}}],"line":7},"1":{"loc":{"start":{"line":12,"column":4},"end":{"line":12,"column":23}},"type":"if","locations":[{"start":{"line":12,"column":4},"end":{"line":12,"column":23}},{"start":{},"end":{}}],"line":12},"2":{"loc":{"start":{"line":28,"column":8},"end":{"line":28,"column":79}},"type":"if","locations":[{"start":{"line":28,"column":8},"end":{"line":28,"column":79}},{"start":{},"end":{}}],"line":28},"3":{"loc":{"start":{"line":37,"column":18},"end":{"line":37,"column":66}},"type":"cond-expr","locations":[{"start":{"line":37,"column":36},"end":{"line":37,"column":61}},{"start":{"line":37,"column":64},"end":{"line":37,"column":66}}],"line":37},"4":{"loc":{"start":{"line":38,"column":21},"end":{"line":42,"column":21}},"type":"binary-expr","locations":[{"start":{"line":38,"column":21},"end":{"line":42,"column":15}},{"start":{"line":42,"column":19},"end":{"line":42,"column":21}}],"line":38},"5":{"loc":{"start":{"line":40,"column":24},"end":{"line":40,"column":42}},"type":"binary-expr","locations":[{"start":{"line":40,"column":24},"end":{"line":40,"column":35}},{"start":{"line":40,"column":39},"end":{"line":40,"column":42}}],"line":40},"6":{"loc":{"start":{"line":40,"column":48},"end":{"line":40,"column":66}},"type":"binary-expr","locations":[{"start":{"line":40,"column":48},"end":{"line":40,"column":59}},{"start":{"line":40,"column":63},"end":{"line":40,"column":66}}],"line":40},"7":{"loc":{"start":{"line":47,"column":18},"end":{"line":47,"column":66}},"type":"cond-expr","locations":[{"start":{"line":47,"column":36},"end":{"line":47,"column":61}},{"start":{"line":47,"column":64},"end":{"line":47,"column":66}}],"line":47},"8":{"loc":{"start":{"line":48,"column":21},"end":{"line":52,"column":21}},"type":"binary-expr","locations":[{"start":{"line":48,"column":21},"end":{"line":52,"column":15}},{"start":{"line":52,"column":19},"end":{"line":52,"column":21}}],"line":48},"9":{"loc":{"start":{"line":50,"column":24},"end":{"line":50,"column":42}},"type":"binary-expr","locations":[{"start":{"line":50,"column":24},"end":{"line":50,"column":35}},{"start":{"line":50,"column":39},"end":{"line":50,"column":42}}],"line":50},"10":{"loc":{"start":{"line":50,"column":48},"end":{"line":50,"column":66}},"type":"binary-expr","locations":[{"start":{"line":50,"column":48},"end":{"line":50,"column":59}},{"start":{"line":50,"column":63},"end":{"line":50,"column":66}}],"line":50},"11":{"loc":{"start":{"line":69,"column":4},"end":{"line":78,"column":5}},"type":"switch","locations":[{"start":{"line":70,"column":6},"end":{"line":71,"column":43}},{"start":{"line":72,"column":6},"end":{"line":73,"column":40}},{"start":{"line":74,"column":6},"end":{"line":75,"column":38}},{"start":{"line":76,"column":6},"end":{"line":77,"column":40}}],"line":69},"12":{"loc":{"start":{"line":81,"column":2},"end":{"line":81,"column":44}},"type":"if","locations":[{"start":{"line":81,"column":2},"end":{"line":81,"column":44}},{"start":{},"end":{}}],"line":81},"13":{"loc":{"start":{"line":82,"column":2},"end":{"line":82,"column":61}},"type":"if","locations":[{"start":{"line":82,"column":2},"end":{"line":82,"column":61}},{"start":{},"end":{}}],"line":82}},"s":{"0":2,"1":9,"2":9,"3":9,"4":9,"5":9,"6":9,"7":0,"8":9,"9":9,"10":9,"11":9,"12":9,"13":9,"14":3,"15":1,"16":2,"17":2,"18":1,"19":1,"20":2,"21":2,"22":4,"23":9,"24":9,"25":7,"26":3,"27":2,"28":2,"29":0,"30":9,"31":5,"32":4,"33":2,"34":2,"35":4,"36":7,"37":2},"f":{"0":9,"1":9,"2":9,"3":1,"4":1,"5":7,"6":4,"7":7,"8":2},"b":{"0":[9,0],"1":[0,9],"2":[1,2],"3":[1,1],"4":[2,0],"5":[1,0],"6":[1,0],"7":[1,1],"8":[2,0],"9":[1,0],"10":[1,0],"11":[3,2,2,0],"12":[5,4],"13":[2,2]},"_coverageSchema":"1a1c01bbd47fc00a2c39e90264f33305004495a9","hash":"d06424d638e83f99f04921688661ad4d2f3d4a96"}
,"E:\\3rd year\\Project\\TheInvinciblesProjects\\frontend\\src\\components\\upcomingMatch\\TeamStatistics.jsx": {"path":"E:\\3rd year\\Project\\TheInvinciblesProjects\\frontend\\src\\components\\upcomingMatch\\TeamStatistics.jsx","statementMap":{"0":{"start":{"line":5,"column":23},"end":{"line":73,"column":1}},"1":{"start":{"line":6,"column":19},"end":{"line":6,"column":32}},"2":{"start":{"line":7,"column":20},"end":{"line":7,"column":40}},"3":{"start":{"line":9,"column":28},"end":{"line":9,"column":40}},"4":{"start":{"line":10,"column":32},"end":{"line":10,"column":46}},"5":{"start":{"line":12,"column":2},"end":{"line":53,"column":14}},"6":{"start":{"line":13,"column":4},"end":{"line":13,"column":23}},"7":{"start":{"line":13,"column":16},"end":{"line":13,"column":23}},"8":{"start":{"line":15,"column":27},"end":{"line":50,"column":5}},"9":{"start":{"line":16,"column":6},"end":{"line":49,"column":7}},"10":{"start":{"line":17,"column":8},"end":{"line":17,"column":25}},"11":{"start":{"line":19,"column":24},"end":{"line":19,"column":57}},"12":{"start":{"line":20,"column":20},"end":{"line":20,"column":131}},"13":{"start":{"line":22,"column":25},"end":{"line":28,"column":10}},"14":{"start":{"line":30,"column":8},"end":{"line":30,"column":77}},"15":{"start":{"line":30,"column":26},"end":{"line":30,"column":77}},"16":{"start":{"line":32,"column":21},"end":{"line":32,"column":42}},"17":{"start":{"line":34,"column":28},"end":{"line":41,"column":9}},"18":{"start":{"line":43,"column":8},"end":{"line":43,"column":30}},"19":{"start":{"line":45,"column":8},"end":{"line":45,"column":29}},"20":{"start":{"line":46,"column":8},"end":{"line":46,"column":21}},"21":{"start":{"line":48,"column":8},"end":{"line":48,"column":26}},"22":{"start":{"line":52,"column":4},"end":{"line":52,"column":21}},"23":{"start":{"line":55,"column":2},"end":{"line":55,"column":60}},"24":{"start":{"line":55,"column":15},"end":{"line":55,"column":60}},"25":{"start":{"line":56,"column":2},"end":{"line":56,"column":63}},"26":{"start":{"line":56,"column":21},"end":{"line":56,"column":63}},"27":{"start":{"line":58,"column":2},"end":{"line":72,"column":4}},"28":{"start":{"line":65,"column":10},"end":{"line":68,"column":16}}},"fnMap":{"0":{"name":"(anonymous_0)","decl":{"start":{"line":5,"column":23},"end":{"line":5,"column":24}},"loc":{"start":{"line":5,"column":29},"end":{"line":73,"column":1}},"line":5},"1":{"name":"(anonymous_1)","decl":{"start":{"line":12,"column":12},"end":{"line":12,"column":13}},"loc":{"start":{"line":12,"column":18},"end":{"line":53,"column":3}},"line":12},"2":{"name":"(anonymous_2)","decl":{"start":{"line":15,"column":27},"end":{"line":15,"column":28}},"loc":{"start":{"line":15,"column":39},"end":{"line":50,"column":5}},"line":15},"3":{"name":"(anonymous_3)","decl":{"start":{"line":64,"column":19},"end":{"line":64,"column":20}},"loc":{"start":{"line":65,"column":10},"end":{"line":68,"column":16}},"line":65}},"branchMap":{"0":{"loc":{"start":{"line":7,"column":20},"end":{"line":7,"column":40}},"type":"binary-expr","locations":[{"start":{"line":7,"column":20},"end":{"line":7,"column":34}},{"start":{"line":7,"column":38},"end":{"line":7,"column":40}}],"line":7},"1":{"loc":{"start":{"line":13,"column":4},"end":{"line":13,"column":23}},"type":"if","locations":[{"start":{"line":13,"column":4},"end":{"line":13,"column":23}},{"start":{},"end":{}}],"line":13},"2":{"loc":{"start":{"line":30,"column":8},"end":{"line":30,"column":77}},"type":"if","locations":[{"start":{"line":30,"column":8},"end":{"line":30,"column":77}},{"start":{},"end":{}}],"line":30},"3":{"loc":{"start":{"line":55,"column":2},"end":{"line":55,"column":60}},"type":"if","locations":[{"start":{"line":55,"column":2},"end":{"line":55,"column":60}},{"start":{},"end":{}}],"line":55},"4":{"loc":{"start":{"line":56,"column":2},"end":{"line":56,"column":63}},"type":"if","locations":[{"start":{"line":56,"column":2},"end":{"line":56,"column":63}},{"start":{},"end":{}}],"line":56}},"s":{"0":2,"1":7,"2":7,"3":7,"4":7,"5":7,"6":4,"7":0,"8":4,"9":4,"10":4,"11":4,"12":4,"13":4,"14":2,"15":1,"16":1,"17":1,"18":1,"19":2,"20":2,"21":3,"22":4,"23":7,"24":4,"25":3,"26":2,"27":1,"28":6},"f":{"0":7,"1":4,"2":4,"3":6},"b":{"0":[7,0],"1":[0,4],"2":[1,1],"3":[4,3],"4":[2,1]},"_coverageSchema":"1a1c01bbd47fc00a2c39e90264f33305004495a9","hash":"16f6eb813c054c3e1ad488673815cffc0081ade7"}
,"E:\\3rd year\\Project\\TheInvinciblesProjects\\frontend\\src\\components\\upcomingMatch\\UpcomingMatchDetails.jsx": {"path":"E:\\3rd year\\Project\\TheInvinciblesProjects\\frontend\\src\\components\\upcomingMatch\\UpcomingMatchDetails.jsx","statementMap":{"0":{"start":{"line":9,"column":29},"end":{"line":30,"column":1}},"1":{"start":{"line":10,"column":2},"end":{"line":29,"column":4}}},"fnMap":{"0":{"name":"(anonymous_0)","decl":{"start":{"line":9,"column":29},"end":{"line":9,"column":30}},"loc":{"start":{"line":9,"column":35},"end":{"line":30,"column":1}},"line":9}},"branchMap":{},"s":{"0":1,"1":0},"f":{"0":0},"b":{},"_coverageSchema":"1a1c01bbd47fc00a2c39e90264f33305004495a9","hash":"c99e34601d8690b6f8073de0801c4bcd245c0d19"}
,"E:\\3rd year\\Project\\TheInvinciblesProjects\\frontend\\src\\pages\\FullLeagueTable.jsx": {"path":"E:\\3rd year\\Project\\TheInvinciblesProjects\\frontend\\src\\pages\\FullLeagueTable.jsx","statementMap":{"0":{"start":{"line":5,"column":24},"end":{"line":35,"column":1}},"1":{"start":{"line":6,"column":30},"end":{"line":6,"column":44}},"2":{"start":{"line":8,"column":2},"end":{"line":34,"column":4}},"3":{"start":{"line":20,"column":31},"end":{"line":20,"column":64}}},"fnMap":{"0":{"name":"(anonymous_0)","decl":{"start":{"line":5,"column":24},"end":{"line":5,"column":25}},"loc":{"start":{"line":5,"column":30},"end":{"line":35,"column":1}},"line":5},"1":{"name":"(anonymous_1)","decl":{"start":{"line":20,"column":24},"end":{"line":20,"column":25}},"loc":{"start":{"line":20,"column":31},"end":{"line":20,"column":64}},"line":20}},"branchMap":{},"s":{"0":2,"1":3,"2":3,"3":0},"f":{"0":3,"1":0},"b":{},"_coverageSchema":"1a1c01bbd47fc00a2c39e90264f33305004495a9","hash":"87b80ba8e721d274522f2bfa60158024d4183476"}
,"E:\\3rd year\\Project\\TheInvinciblesProjects\\frontend\\src\\pages\\FullRecentMatches.jsx": {"path":"E:\\3rd year\\Project\\TheInvinciblesProjects\\frontend\\src\\pages\\FullRecentMatches.jsx","statementMap":{"0":{"start":{"line":5,"column":26},"end":{"line":41,"column":1}},"1":{"start":{"line":6,"column":30},"end":{"line":6,"column":44}},"2":{"start":{"line":8,"column":2},"end":{"line":40,"column":4}},"3":{"start":{"line":27,"column":29},"end":{"line":27,"column":62}}},"fnMap":{"0":{"name":"(anonymous_0)","decl":{"start":{"line":5,"column":26},"end":{"line":5,"column":27}},"loc":{"start":{"line":5,"column":32},"end":{"line":41,"column":1}},"line":5},"1":{"name":"(anonymous_1)","decl":{"start":{"line":27,"column":22},"end":{"line":27,"column":23}},"loc":{"start":{"line":27,"column":29},"end":{"line":27,"column":62}},"line":27}},"branchMap":{},"s":{"0":2,"1":2,"2":2,"3":0},"f":{"0":2,"1":0},"b":{},"_coverageSchema":"1a1c01bbd47fc00a2c39e90264f33305004495a9","hash":"da41bd8d9738f68b8e36cf1247de3d864ec53a39"}
,"E:\\3rd year\\Project\\TheInvinciblesProjects\\frontend\\src\\pages\\FullUpcomingMatches.jsx": {"path":"E:\\3rd year\\Project\\TheInvinciblesProjects\\frontend\\src\\pages\\FullUpcomingMatches.jsx","statementMap":{"0":{"start":{"line":5,"column":28},"end":{"line":40,"column":1}},"1":{"start":{"line":6,"column":30},"end":{"line":6,"column":44}},"2":{"start":{"line":8,"column":2},"end":{"line":39,"column":4}},"3":{"start":{"line":27,"column":29},"end":{"line":27,"column":62}}},"fnMap":{"0":{"name":"(anonymous_0)","decl":{"start":{"line":5,"column":28},"end":{"line":5,"column":29}},"loc":{"start":{"line":5,"column":34},"end":{"line":40,"column":1}},"line":5},"1":{"name":"(anonymous_1)","decl":{"start":{"line":27,"column":22},"end":{"line":27,"column":23}},"loc":{"start":{"line":27,"column":29},"end":{"line":27,"column":62}},"line":27}},"branchMap":{},"s":{"0":2,"1":2,"2":2,"3":0},"f":{"0":2,"1":0},"b":{},"_coverageSchema":"1a1c01bbd47fc00a2c39e90264f33305004495a9","hash":"39f2001e5128e97fc3f2c6c6ac1604579510bab8"}
,"E:\\3rd year\\Project\\TheInvinciblesProjects\\frontend\\src\\pages\\Home.jsx": {"path":"E:\\3rd year\\Project\\TheInvinciblesProjects\\frontend\\src\\pages\\Home.jsx","statementMap":{"0":{"start":{"line":5,"column":34},"end":{"line":5,"column":46}},"1":{"start":{"line":7,"column":2},"end":{"line":10,"column":9}},"2":{"start":{"line":8,"column":27},"end":{"line":8,"column":70}},"3":{"start":{"line":9,"column":4},"end":{"line":9,"column":32}},"4":{"start":{"line":12,"column":2},"end":{"line":16,"column":4}}},"fnMap":{"0":{"name":"Home","decl":{"start":{"line":4,"column":24},"end":{"line":4,"column":28}},"loc":{"start":{"line":4,"column":31},"end":{"line":17,"column":1}},"line":4},"1":{"name":"(anonymous_1)","decl":{"start":{"line":7,"column":12},"end":{"line":7,"column":13}},"loc":{"start":{"line":7,"column":18},"end":{"line":10,"column":3}},"line":7}},"branchMap":{"0":{"loc":{"start":{"line":8,"column":27},"end":{"line":8,"column":70}},"type":"binary-expr","locations":[{"start":{"line":8,"column":27},"end":{"line":8,"column":60}},{"start":{"line":8,"column":64},"end":{"line":8,"column":70}}],"line":8}},"s":{"0":6,"1":6,"2":3,"3":3,"4":6},"f":{"0":6,"1":3},"b":{"0":[3,2]},"_coverageSchema":"1a1c01bbd47fc00a2c39e90264f33305004495a9","hash":"614c7e2987c29b9e786edbeaf08e0b450248fbc9"}
,"E:\\3rd year\\Project\\TheInvinciblesProjects\\frontend\\src\\pages\\LandingPage.jsx": {"path":"E:\\3rd year\\Project\\TheInvinciblesProjects\\frontend\\src\\pages\\LandingPage.jsx","statementMap":{"0":{"start":{"line":6,"column":21},"end":{"line":6,"column":34}},"1":{"start":{"line":7,"column":2},"end":{"line":24,"column":9}},"2":{"start":{"line":9,"column":21},"end":{"line":9,"column":57}},"3":{"start":{"line":10,"column":23},"end":{"line":10,"column":61}},"4":{"start":{"line":11,"column":25},"end":{"line":11,"column":65}},"5":{"start":{"line":13,"column":4},"end":{"line":15,"column":7}},"6":{"start":{"line":14,"column":8},"end":{"line":14,"column":27}},"7":{"start":{"line":17,"column":4},"end":{"line":19,"column":7}},"8":{"start":{"line":18,"column":6},"end":{"line":18,"column":25}},"9":{"start":{"line":21,"column":4},"end":{"line":23,"column":7}},"10":{"start":{"line":22,"column":6},"end":{"line":22,"column":50}},"11":{"start":{"line":26,"column":2},"end":{"line":157,"column":4}}},"fnMap":{"0":{"name":"LandingPage","decl":{"start":{"line":5,"column":24},"end":{"line":5,"column":35}},"loc":{"start":{"line":5,"column":38},"end":{"line":158,"column":1}},"line":5},"1":{"name":"(anonymous_1)","decl":{"start":{"line":7,"column":12},"end":{"line":7,"column":13}},"loc":{"start":{"line":7,"column":18},"end":{"line":24,"column":3}},"line":7},"2":{"name":"(anonymous_2)","decl":{"start":{"line":13,"column":40},"end":{"line":13,"column":41}},"loc":{"start":{"line":13,"column":46},"end":{"line":15,"column":5}},"line":13},"3":{"name":"(anonymous_3)","decl":{"start":{"line":17,"column":42},"end":{"line":17,"column":43}},"loc":{"start":{"line":17,"column":48},"end":{"line":19,"column":5}},"line":17},"4":{"name":"(anonymous_4)","decl":{"start":{"line":21,"column":44},"end":{"line":21,"column":45}},"loc":{"start":{"line":21,"column":50},"end":{"line":23,"column":5}},"line":21}},"branchMap":{},"s":{"0":7,"1":7,"2":7,"3":7,"4":7,"5":7,"6":1,"7":7,"8":1,"9":7,"10":1,"11":7},"f":{"0":7,"1":7,"2":1,"3":1,"4":1},"b":{},"_coverageSchema":"1a1c01bbd47fc00a2c39e90264f33305004495a9","hash":"045da99ca7b4cc13c767697b532d922ca4781042"}
,"E:\\3rd year\\Project\\TheInvinciblesProjects\\frontend\\src\\pages\\Login.jsx": {"path":"E:\\3rd year\\Project\\TheInvinciblesProjects\\frontend\\src\\pages\\Login.jsx","statementMap":{"0":{"start":{"line":13,"column":19},"end":{"line":13,"column":32}},"1":{"start":{"line":14,"column":24},"end":{"line":14,"column":47}},"2":{"start":{"line":15,"column":28},"end":{"line":15,"column":40}},"3":{"start":{"line":16,"column":34},"end":{"line":16,"column":46}},"4":{"start":{"line":17,"column":28},"end":{"line":17,"column":40}},"5":{"start":{"line":19,"column":29},"end":{"line":40,"column":3}},"6":{"start":{"line":20,"column":4},"end":{"line":39,"column":5}},"7":{"start":{"line":21,"column":23},"end":{"line":27,"column":8}},"8":{"start":{"line":29,"column":6},"end":{"line":32,"column":7}},"9":{"start":{"line":30,"column":21},"end":{"line":30,"column":42}},"10":{"start":{"line":31,"column":8},"end":{"line":31,"column":73}},"11":{"start":{"line":34,"column":6},"end":{"line":34,"column":35}},"12":{"start":{"line":36,"column":6},"end":{"line":36,"column":25}},"13":{"start":{"line":37,"column":6},"end":{"line":37,"column":28}},"14":{"start":{"line":38,"column":6},"end":{"line":38,"column":18}},"15":{"start":{"line":42,"column":28},"end":{"line":62,"column":3}},"16":{"start":{"line":43,"column":4},"end":{"line":61,"column":5}},"17":{"start":{"line":44,"column":21},"end":{"line":44,"column":64}},"18":{"start":{"line":45,"column":22},"end":{"line":45,"column":52}},"19":{"start":{"line":49,"column":30},"end":{"line":49,"column":63}},"20":{"start":{"line":50,"column":6},"end":{"line":57,"column":7}},"21":{"start":{"line":51,"column":8},"end":{"line":51,"column":51}},"22":{"start":{"line":52,"column":9},"end":{"line":55,"column":11}},"23":{"start":{"line":56,"column":8},"end":{"line":56,"column":26}},"24":{"start":{"line":59,"column":6},"end":{"line":59,"column":25}},"25":{"start":{"line":60,"column":6},"end":{"line":60,"column":50}},"26":{"start":{"line":64,"column":27},"end":{"line":90,"column":3}},"27":{"start":{"line":65,"column":4},"end":{"line":65,"column":23}},"28":{"start":{"line":66,"column":4},"end":{"line":89,"column":5}},"29":{"start":{"line":67,"column":29},"end":{"line":71,"column":7}},"30":{"start":{"line":72,"column":22},"end":{"line":72,"column":60}},"31":{"start":{"line":76,"column":30},"end":{"line":76,"column":63}},"32":{"start":{"line":77,"column":6},"end":{"line":85,"column":7}},"33":{"start":{"line":78,"column":8},"end":{"line":78,"column":51}},"34":{"start":{"line":79,"column":9},"end":{"line":82,"column":11}},"35":{"start":{"line":84,"column":8},"end":{"line":84,"column":26}},"36":{"start":{"line":87,"column":6},"end":{"line":87,"column":25}},"37":{"start":{"line":88,"column":6},"end":{"line":88,"column":71}},"38":{"start":{"line":92,"column":2},"end":{"line":165,"column":4}},"39":{"start":{"line":118,"column":33},"end":{"line":118,"column":57}},"40":{"start":{"line":133,"column":33},"end":{"line":133,"column":60}}},"fnMap":{"0":{"name":"Login","decl":{"start":{"line":12,"column":24},"end":{"line":12,"column":29}},"loc":{"start":{"line":12,"column":32},"end":{"line":166,"column":1}},"line":12},"1":{"name":"(anonymous_1)","decl":{"start":{"line":19,"column":29},"end":{"line":19,"column":30}},"loc":{"start":{"line":19,"column":48},"end":{"line":40,"column":3}},"line":19},"2":{"name":"(anonymous_2)","decl":{"start":{"line":42,"column":28},"end":{"line":42,"column":29}},"loc":{"start":{"line":42,"column":40},"end":{"line":62,"column":3}},"line":42},"3":{"name":"(anonymous_3)","decl":{"start":{"line":64,"column":27},"end":{"line":64,"column":28}},"loc":{"start":{"line":64,"column":40},"end":{"line":90,"column":3}},"line":64},"4":{"name":"(anonymous_4)","decl":{"start":{"line":118,"column":26},"end":{"line":118,"column":27}},"loc":{"start":{"line":118,"column":33},"end":{"line":118,"column":57}},"line":118},"5":{"name":"(anonymous_5)","decl":{"start":{"line":133,"column":26},"end":{"line":133,"column":27}},"loc":{"start":{"line":133,"column":33},"end":{"line":133,"column":60}},"line":133}},"branchMap":{"0":{"loc":{"start":{"line":29,"column":6},"end":{"line":32,"column":7}},"type":"if","locations":[{"start":{"line":29,"column":6},"end":{"line":32,"column":7}},{"start":{},"end":{}}],"line":29},"1":{"loc":{"start":{"line":31,"column":24},"end":{"line":31,"column":71}},"type":"binary-expr","locations":[{"start":{"line":31,"column":24},"end":{"line":31,"column":36}},{"start":{"line":31,"column":40},"end":{"line":31,"column":71}}],"line":31},"2":{"loc":{"start":{"line":50,"column":6},"end":{"line":57,"column":7}},"type":"if","locations":[{"start":{"line":50,"column":6},"end":{"line":57,"column":7}},{"start":{},"end":{}}],"line":50},"3":{"loc":{"start":{"line":77,"column":6},"end":{"line":85,"column":7}},"type":"if","locations":[{"start":{"line":77,"column":6},"end":{"line":85,"column":7}},{"start":{},"end":{}}],"line":77},"4":{"loc":{"start":{"line":104,"column":9},"end":{"line":104,"column":58}},"type":"binary-expr","locations":[{"start":{"line":104,"column":9},"end":{"line":104,"column":14}},{"start":{"line":104,"column":18},"end":{"line":104,"column":58}}],"line":104}},"s":{"0":11,"1":11,"2":11,"3":11,"4":11,"5":11,"6":2,"7":2,"8":2,"9":0,"10":0,"11":2,"12":0,"13":0,"14":0,"15":11,"16":2,"17":2,"18":1,"19":1,"20":1,"21":1,"22":1,"23":1,"24":1,"25":1,"26":11,"27":2,"28":2,"29":2,"30":1,"31":1,"32":1,"33":1,"34":1,"35":1,"36":1,"37":1,"38":11,"39":2,"40":2},"f":{"0":11,"1":2,"2":2,"3":2,"4":2,"5":2},"b":{"0":[0,2],"1":[0,0],"2":[1,0],"3":[1,0],"4":[11,2]},"_coverageSchema":"1a1c01bbd47fc00a2c39e90264f33305004495a9","hash":"d56e81907c9901cae5268fc210ace1ab26bef6aa"}
,"E:\\3rd year\\Project\\TheInvinciblesProjects\\frontend\\src\\pages\\MatchDetails.jsx": {"path":"E:\\3rd year\\Project\\TheInvinciblesProjects\\frontend\\src\\pages\\MatchDetails.jsx","statementMap":{"0":{"start":{"line":3,"column":21},"end":{"line":10,"column":1}},"1":{"start":{"line":4,"column":2},"end":{"line":9,"column":4}}},"fnMap":{"0":{"name":"(anonymous_0)","decl":{"start":{"line":3,"column":21},"end":{"line":3,"column":22}},"loc":{"start":{"line":3,"column":27},"end":{"line":10,"column":1}},"line":3}},"branchMap":{},"s":{"0":1,"1":0},"f":{"0":0},"b":{},"_coverageSchema":"1a1c01bbd47fc00a2c39e90264f33305004495a9","hash":"79cf5842256c5ead6b415f7c722933ce9f9c0eef"}
,"E:\\3rd year\\Project\\TheInvinciblesProjects\\frontend\\src\\pages\\MatchStatistics.jsx": {"path":"E:\\3rd year\\Project\\TheInvinciblesProjects\\frontend\\src\\pages\\MatchStatistics.jsx","statementMap":{"0":{"start":{"line":5,"column":24},"end":{"line":109,"column":1}},"1":{"start":{"line":6,"column":22},"end":{"line":6,"column":33}},"2":{"start":{"line":7,"column":28},"end":{"line":7,"column":40}},"3":{"start":{"line":8,"column":32},"end":{"line":8,"column":46}},"4":{"start":{"line":10,"column":2},"end":{"line":38,"column":16}},"5":{"start":{"line":11,"column":23},"end":{"line":35,"column":5}},"6":{"start":{"line":12,"column":6},"end":{"line":34,"column":7}},"7":{"start":{"line":13,"column":8},"end":{"line":13,"column":25}},"8":{"start":{"line":14,"column":24},"end":{"line":14,"column":57}},"9":{"start":{"line":15,"column":20},"end":{"line":15,"column":78}},"10":{"start":{"line":17,"column":25},"end":{"line":23,"column":10}},"11":{"start":{"line":25,"column":8},"end":{"line":25,"column":78}},"12":{"start":{"line":25,"column":26},"end":{"line":25,"column":78}},"13":{"start":{"line":27,"column":21},"end":{"line":27,"column":42}},"14":{"start":{"line":28,"column":8},"end":{"line":28,"column":26}},"15":{"start":{"line":29,"column":8},"end":{"line":29,"column":23}},"16":{"start":{"line":31,"column":8},"end":{"line":31,"column":27}},"17":{"start":{"line":33,"column":8},"end":{"line":33,"column":26}},"18":{"start":{"line":37,"column":4},"end":{"line":37,"column":17}},"19":{"start":{"line":40,"column":2},"end":{"line":108,"column":4}},"20":{"start":{"line":61,"column":16},"end":{"line":91,"column":22}}},"fnMap":{"0":{"name":"(anonymous_0)","decl":{"start":{"line":5,"column":24},"end":{"line":5,"column":25}},"loc":{"start":{"line":5,"column":30},"end":{"line":109,"column":1}},"line":5},"1":{"name":"(anonymous_1)","decl":{"start":{"line":10,"column":12},"end":{"line":10,"column":13}},"loc":{"start":{"line":10,"column":18},"end":{"line":38,"column":3}},"line":10},"2":{"name":"(anonymous_2)","decl":{"start":{"line":11,"column":23},"end":{"line":11,"column":24}},"loc":{"start":{"line":11,"column":35},"end":{"line":35,"column":5}},"line":11},"3":{"name":"(anonymous_3)","decl":{"start":{"line":60,"column":25},"end":{"line":60,"column":26}},"loc":{"start":{"line":61,"column":16},"end":{"line":91,"column":22}},"line":61}},"branchMap":{"0":{"loc":{"start":{"line":25,"column":8},"end":{"line":25,"column":78}},"type":"if","locations":[{"start":{"line":25,"column":8},"end":{"line":25,"column":78}},{"start":{},"end":{}}],"line":25},"1":{"loc":{"start":{"line":51,"column":7},"end":{"line":96,"column":7}},"type":"cond-expr","locations":[{"start":{"line":52,"column":8},"end":{"line":52,"column":76}},{"start":{"line":54,"column":8},"end":{"line":95,"column":11}}],"line":51},"2":{"loc":{"start":{"line":56,"column":11},"end":{"line":94,"column":11}},"type":"cond-expr","locations":[{"start":{"line":57,"column":12},"end":{"line":57,"column":58}},{"start":{"line":59,"column":12},"end":{"line":93,"column":18}}],"line":56}},"s":{"0":2,"1":7,"2":7,"3":7,"4":7,"5":4,"6":4,"7":4,"8":4,"9":4,"10":4,"11":3,"12":1,"13":2,"14":2,"15":2,"16":1,"17":3,"18":4,"19":7,"20":1},"f":{"0":7,"1":4,"2":4,"3":1},"b":{"0":[1,2],"1":[4,3],"2":[2,1]},"_coverageSchema":"1a1c01bbd47fc00a2c39e90264f33305004495a9","hash":"8b4451b1077365bd7ea686dbe30fd996faa3e0cc"}
,"E:\\3rd year\\Project\\TheInvinciblesProjects\\frontend\\src\\pages\\Profile.jsx": {"path":"E:\\3rd year\\Project\\TheInvinciblesProjects\\frontend\\src\\pages\\Profile.jsx","statementMap":{"0":{"start":{"line":6,"column":2},"end":{"line":8,"column":4}}},"fnMap":{"0":{"name":"Profile","decl":{"start":{"line":4,"column":24},"end":{"line":4,"column":31}},"loc":{"start":{"line":4,"column":34},"end":{"line":9,"column":1}},"line":4}},"branchMap":{},"s":{"0":2},"f":{"0":2},"b":{},"_coverageSchema":"1a1c01bbd47fc00a2c39e90264f33305004495a9","hash":"a566cff29e07350ca57f318ca52671bc2400125f"}
,"E:\\3rd year\\Project\\TheInvinciblesProjects\\frontend\\src\\pages\\SignUp.jsx": {"path":"E:\\3rd year\\Project\\TheInvinciblesProjects\\frontend\\src\\pages\\SignUp.jsx","statementMap":{"0":{"start":{"line":8,"column":19},"end":{"line":8,"column":32}},"1":{"start":{"line":10,"column":28},"end":{"line":10,"column":40}},"2":{"start":{"line":11,"column":34},"end":{"line":11,"column":46}},"3":{"start":{"line":12,"column":32},"end":{"line":12,"column":44}},"4":{"start":{"line":13,"column":28},"end":{"line":13,"column":43}},"5":{"start":{"line":14,"column":28},"end":{"line":14,"column":40}},"6":{"start":{"line":16,"column":23},"end":{"line":40,"column":3}},"7":{"start":{"line":17,"column":4},"end":{"line":17,"column":23}},"8":{"start":{"line":21,"column":4},"end":{"line":23,"column":5}},"9":{"start":{"line":22,"column":6},"end":{"line":22,"column":48}},"10":{"start":{"line":24,"column":4},"end":{"line":26,"column":5}},"11":{"start":{"line":25,"column":6},"end":{"line":25,"column":64}},"12":{"start":{"line":27,"column":4},"end":{"line":29,"column":5}},"13":{"start":{"line":28,"column":6},"end":{"line":28,"column":53}},"14":{"start":{"line":31,"column":4},"end":{"line":39,"column":5}},"15":{"start":{"line":33,"column":6},"end":{"line":33,"column":66}},"16":{"start":{"line":34,"column":6},"end":{"line":34,"column":45}},"17":{"start":{"line":35,"column":6},"end":{"line":35,"column":25}},"18":{"start":{"line":37,"column":6},"end":{"line":37,"column":25}},"19":{"start":{"line":38,"column":6},"end":{"line":38,"column":28}},"20":{"start":{"line":42,"column":29},"end":{"line":63,"column":5}},"21":{"start":{"line":43,"column":6},"end":{"line":62,"column":7}},"22":{"start":{"line":44,"column":25},"end":{"line":50,"column":10}},"23":{"start":{"line":52,"column":8},"end":{"line":55,"column":9}},"24":{"start":{"line":53,"column":23},"end":{"line":53,"column":44}},"25":{"start":{"line":54,"column":10},"end":{"line":54,"column":75}},"26":{"start":{"line":57,"column":8},"end":{"line":57,"column":37}},"27":{"start":{"line":59,"column":8},"end":{"line":59,"column":27}},"28":{"start":{"line":60,"column":8},"end":{"line":60,"column":30}},"29":{"start":{"line":61,"column":8},"end":{"line":61,"column":20}},"30":{"start":{"line":65,"column":31},"end":{"line":82,"column":5}},"31":{"start":{"line":66,"column":6},"end":{"line":81,"column":7}},"32":{"start":{"line":67,"column":23},"end":{"line":67,"column":66}},"33":{"start":{"line":68,"column":24},"end":{"line":68,"column":54}},"34":{"start":{"line":70,"column":8},"end":{"line":70,"column":57}},"35":{"start":{"line":72,"column":32},"end":{"line":72,"column":65}},"36":{"start":{"line":73,"column":8},"end":{"line":77,"column":9}},"37":{"start":{"line":74,"column":10},"end":{"line":74,"column":53}},"38":{"start":{"line":75,"column":10},"end":{"line":75,"column":70}},"39":{"start":{"line":76,"column":10},"end":{"line":76,"column":31}},"40":{"start":{"line":79,"column":8},"end":{"line":79,"column":27}},"41":{"start":{"line":80,"column":8},"end":{"line":80,"column":52}},"42":{"start":{"line":84,"column":2},"end":{"line":178,"column":4}},"43":{"start":{"line":105,"column":31},"end":{"line":105,"column":55}},"44":{"start":{"line":119,"column":31},"end":{"line":119,"column":58}},"45":{"start":{"line":133,"column":31},"end":{"line":133,"column":57}},"46":{"start":{"line":143,"column":29},"end":{"line":143,"column":55}},"47":{"start":{"line":169,"column":27},"end":{"line":169,"column":45}}},"fnMap":{"0":{"name":"Signup","decl":{"start":{"line":7,"column":24},"end":{"line":7,"column":30}},"loc":{"start":{"line":7,"column":33},"end":{"line":179,"column":1}},"line":7},"1":{"name":"(anonymous_1)","decl":{"start":{"line":16,"column":23},"end":{"line":16,"column":24}},"loc":{"start":{"line":16,"column":36},"end":{"line":40,"column":3}},"line":16},"2":{"name":"(anonymous_2)","decl":{"start":{"line":42,"column":29},"end":{"line":42,"column":30}},"loc":{"start":{"line":42,"column":48},"end":{"line":63,"column":5}},"line":42},"3":{"name":"(anonymous_3)","decl":{"start":{"line":65,"column":31},"end":{"line":65,"column":32}},"loc":{"start":{"line":65,"column":43},"end":{"line":82,"column":5}},"line":65},"4":{"name":"(anonymous_4)","decl":{"start":{"line":105,"column":24},"end":{"line":105,"column":25}},"loc":{"start":{"line":105,"column":31},"end":{"line":105,"column":55}},"line":105},"5":{"name":"(anonymous_5)","decl":{"start":{"line":119,"column":24},"end":{"line":119,"column":25}},"loc":{"start":{"line":119,"column":31},"end":{"line":119,"column":58}},"line":119},"6":{"name":"(anonymous_6)","decl":{"start":{"line":133,"column":24},"end":{"line":133,"column":25}},"loc":{"start":{"line":133,"column":31},"end":{"line":133,"column":57}},"line":133},"7":{"name":"(anonymous_7)","decl":{"start":{"line":143,"column":22},"end":{"line":143,"column":23}},"loc":{"start":{"line":143,"column":29},"end":{"line":143,"column":55}},"line":143},"8":{"name":"(anonymous_8)","decl":{"start":{"line":169,"column":21},"end":{"line":169,"column":22}},"loc":{"start":{"line":169,"column":27},"end":{"line":169,"column":45}},"line":169}},"branchMap":{"0":{"loc":{"start":{"line":21,"column":4},"end":{"line":23,"column":5}},"type":"if","locations":[{"start":{"line":21,"column":4},"end":{"line":23,"column":5}},{"start":{},"end":{}}],"line":21},"1":{"loc":{"start":{"line":24,"column":4},"end":{"line":26,"column":5}},"type":"if","locations":[{"start":{"line":24,"column":4},"end":{"line":26,"column":5}},{"start":{},"end":{}}],"line":24},"2":{"loc":{"start":{"line":27,"column":4},"end":{"line":29,"column":5}},"type":"if","locations":[{"start":{"line":27,"column":4},"end":{"line":29,"column":5}},{"start":{},"end":{}}],"line":27},"3":{"loc":{"start":{"line":52,"column":8},"end":{"line":55,"column":9}},"type":"if","locations":[{"start":{"line":52,"column":8},"end":{"line":55,"column":9}},{"start":{},"end":{}}],"line":52},"4":{"loc":{"start":{"line":54,"column":26},"end":{"line":54,"column":73}},"type":"binary-expr","locations":[{"start":{"line":54,"column":26},"end":{"line":54,"column":38}},{"start":{"line":54,"column":42},"end":{"line":54,"column":73}}],"line":54},"5":{"loc":{"start":{"line":73,"column":8},"end":{"line":77,"column":9}},"type":"if","locations":[{"start":{"line":73,"column":8},"end":{"line":77,"column":9}},{"start":{},"end":{}}],"line":73},"6":{"loc":{"start":{"line":95,"column":9},"end":{"line":95,"column":58}},"type":"binary-expr","locations":[{"start":{"line":95,"column":9},"end":{"line":95,"column":14}},{"start":{"line":95,"column":18},"end":{"line":95,"column":58}}],"line":95}},"s":{"0":31,"1":31,"2":31,"3":31,"4":31,"5":31,"6":31,"7":5,"8":5,"9":1,"10":4,"11":1,"12":3,"13":1,"14":2,"15":2,"16":1,"17":1,"18":1,"19":1,"20":31,"21":1,"22":1,"23":1,"24":0,"25":0,"26":1,"27":0,"28":0,"29":0,"30":31,"31":2,"32":2,"33":1,"34":1,"35":1,"36":1,"37":1,"38":1,"39":1,"40":1,"41":1,"42":31,"43":5,"44":5,"45":5,"46":2,"47":1},"f":{"0":31,"1":5,"2":1,"3":2,"4":5,"5":5,"6":5,"7":2,"8":1},"b":{"0":[1,4],"1":[1,3],"2":[1,2],"3":[0,1],"4":[0,0],"5":[1,0],"6":[31,5]},"_coverageSchema":"1a1c01bbd47fc00a2c39e90264f33305004495a9","hash":"dd9ec82879fcc778a4faa8169a550a7f75d695c7"}
,"E:\\3rd year\\Project\\TheInvinciblesProjects\\frontend\\src\\pages\\TeamStats.jsx": {"path":"E:\\3rd year\\Project\\TheInvinciblesProjects\\frontend\\src\\pages\\TeamStats.jsx","statementMap":{"0":{"start":{"line":5,"column":21},"end":{"line":70,"column":1}},"1":{"start":{"line":6,"column":23},"end":{"line":6,"column":34}},"2":{"start":{"line":7,"column":34},"end":{"line":7,"column":48}},"3":{"start":{"line":8,"column":32},"end":{"line":8,"column":46}},"4":{"start":{"line":9,"column":28},"end":{"line":9,"column":42}},"5":{"start":{"line":11,"column":2},"end":{"line":35,"column":17}},"6":{"start":{"line":12,"column":26},"end":{"line":32,"column":5}},"7":{"start":{"line":13,"column":6},"end":{"line":31,"column":7}},"8":{"start":{"line":14,"column":24},"end":{"line":14,"column":57}},"9":{"start":{"line":15,"column":25},"end":{"line":20,"column":10}},"10":{"start":{"line":22,"column":8},"end":{"line":22,"column":75}},"11":{"start":{"line":22,"column":26},"end":{"line":22,"column":75}},"12":{"start":{"line":24,"column":21},"end":{"line":24,"column":42}},"13":{"start":{"line":25,"column":8},"end":{"line":25,"column":26}},"14":{"start":{"line":27,"column":8},"end":{"line":27,"column":27}},"15":{"start":{"line":28,"column":8},"end":{"line":28,"column":30}},"16":{"start":{"line":30,"column":8},"end":{"line":30,"column":26}},"17":{"start":{"line":34,"column":4},"end":{"line":34,"column":20}},"18":{"start":{"line":37,"column":2},"end":{"line":37,"column":54}},"19":{"start":{"line":37,"column":15},"end":{"line":37,"column":54}},"20":{"start":{"line":38,"column":2},"end":{"line":38,"column":42}},"21":{"start":{"line":38,"column":13},"end":{"line":38,"column":42}},"22":{"start":{"line":39,"column":2},"end":{"line":39,"column":55}},"23":{"start":{"line":39,"column":17},"end":{"line":39,"column":55}},"24":{"start":{"line":41,"column":2},"end":{"line":69,"column":4}}},"fnMap":{"0":{"name":"(anonymous_0)","decl":{"start":{"line":5,"column":21},"end":{"line":5,"column":22}},"loc":{"start":{"line":5,"column":27},"end":{"line":70,"column":1}},"line":5},"1":{"name":"(anonymous_1)","decl":{"start":{"line":11,"column":12},"end":{"line":11,"column":13}},"loc":{"start":{"line":11,"column":18},"end":{"line":35,"column":3}},"line":11},"2":{"name":"(anonymous_2)","decl":{"start":{"line":12,"column":26},"end":{"line":12,"column":27}},"loc":{"start":{"line":12,"column":38},"end":{"line":32,"column":5}},"line":12}},"branchMap":{"0":{"loc":{"start":{"line":22,"column":8},"end":{"line":22,"column":75}},"type":"if","locations":[{"start":{"line":22,"column":8},"end":{"line":22,"column":75}},{"start":{},"end":{}}],"line":22},"1":{"loc":{"start":{"line":37,"column":2},"end":{"line":37,"column":54}},"type":"if","locations":[{"start":{"line":37,"column":2},"end":{"line":37,"column":54}},{"start":{},"end":{}}],"line":37},"2":{"loc":{"start":{"line":38,"column":2},"end":{"line":38,"column":42}},"type":"if","locations":[{"start":{"line":38,"column":2},"end":{"line":38,"column":42}},{"start":{},"end":{}}],"line":38},"3":{"loc":{"start":{"line":39,"column":2},"end":{"line":39,"column":55}},"type":"if","locations":[{"start":{"line":39,"column":2},"end":{"line":39,"column":55}},{"start":{},"end":{}}],"line":39}},"s":{"0":2,"1":9,"2":9,"3":9,"4":9,"5":9,"6":5,"7":5,"8":5,"9":5,"10":5,"11":1,"12":3,"13":3,"14":2,"15":2,"16":5,"17":5,"18":9,"19":5,"20":4,"21":1,"22":3,"23":1,"24":2},"f":{"0":9,"1":5,"2":5},"b":{"0":[1,3],"1":[5,4],"2":[1,3],"3":[1,2]},"_coverageSchema":"1a1c01bbd47fc00a2c39e90264f33305004495a9","hash":"549719e38ed016476f64658300fbc27c0d470540"}
}
