TN:
SF:src\App.js
FN:16,App
FNF:1
FNH:1
FNDA:2,App
DA:17,2
LF:1
LH:1
BRF:0
BRH:0
end_of_record
TN:
SF:src\UserContext.js
FN:5,UserProvider
FN:8,(anonymous_1)
FN:15,(anonymous_2)
FN:20,(anonymous_3)
FNF:4
FNH:2
FNDA:2,UserProvider
FNDA:2,(anonymous_1)
FNDA:0,(anonymous_2)
FNDA:0,(anonymous_3)
DA:3,8
DA:6,2
DA:8,2
DA:9,2
DA:10,2
DA:11,0
DA:15,2
DA:16,0
DA:17,0
DA:20,2
DA:21,0
DA:22,0
DA:23,0
DA:26,2
LF:14
LH:8
BRDA:10,0,0,0
BRDA:10,0,1,2
BRF:2
BRH:1
end_of_record
TN:
SF:src\firebase.js
FNF:0
FNH:0
DA:5,3
DA:14,3
DA:15,3
DA:16,3
LF:4
LH:4
BRF:0
BRH:0
end_of_record
TN:
SF:src\components\BalanceCard.jsx
FN:4,BalanceCard
FN:19,(anonymous_1)
FN:25,(anonymous_2)
FNF:3
FNH:1
FNDA:5,BalanceCard
FNDA:0,(anonymous_1)
FNDA:0,(anonymous_2)
DA:5,5
DA:7,5
DA:9,4
DA:19,0
DA:25,0
LF:5
LH:3
BRDA:7,0,0,1
BRDA:7,0,1,4
BRF:2
BRH:2
end_of_record
TN:
SF:src\components\BetHistoryCard.jsx
FN:3,BetHistoryCard
FN:21,(anonymous_1)
FN:27,(anonymous_2)
FNF:3
FNH:3
FNDA:7,BetHistoryCard
FNDA:49,(anonymous_1)
FNDA:28,(anonymous_2)
DA:4,7
DA:11,7
DA:13,7
DA:22,49
DA:28,28
LF:5
LH:5
BRDA:35,0,0,28
BRDA:35,0,1,0
BRF:2
BRH:1
end_of_record
TN:
SF:src\components\BettingStatsCard.jsx
FN:3,BettingStatsCard
FN:17,(anonymous_1)
FNF:2
FNH:2
FNDA:3,BettingStatsCard
FNDA:12,(anonymous_1)
DA:4,3
DA:11,3
DA:18,12
LF:3
LH:3
BRF:0
BRH:0
end_of_record
TN:
SF:src\components\DashBoard.jsx
FN:10,(anonymous_0)
FNF:1
FNH:1
FNDA:4,(anonymous_0)
DA:10,2
DA:11,4
LF:2
LH:2
BRF:0
BRH:0
end_of_record
TN:
SF:src\components\Header.jsx
FN:6,Header
FN:10,(anonymous_1)
FN:41,(anonymous_2)
FN:53,(anonymous_3)
FN:65,(anonymous_4)
FN:77,(anonymous_5)
FN:89,(anonymous_6)
FNF:7
FNH:7
FNDA:10,Header
FNDA:1,(anonymous_1)
FNDA:10,(anonymous_2)
FNDA:10,(anonymous_3)
FNDA:10,(anonymous_4)
FNDA:10,(anonymous_5)
FNDA:10,(anonymous_6)
DA:7,10
DA:8,10
DA:10,10
DA:11,1
DA:12,1
DA:13,1
DA:14,1
DA:16,0
DA:20,10
DA:42,10
DA:54,10
DA:66,10
DA:78,10
DA:90,10
LF:14
LH:13
BRDA:37,0,0,10
BRDA:37,0,1,10
BRDA:43,1,0,0
BRDA:43,1,1,10
BRDA:55,2,0,0
BRDA:55,2,1,10
BRDA:67,3,0,0
BRDA:67,3,1,10
BRDA:79,4,0,0
BRDA:79,4,1,10
BRDA:91,5,0,0
BRDA:91,5,1,10
BRDA:109,6,0,10
BRDA:109,6,1,10
BRDA:113,7,0,10
BRDA:113,7,1,0
BRDA:115,8,0,10
BRDA:115,8,1,0
BRF:18
BRH:11
end_of_record
TN:
SF:src\components\LeaderboardCard.jsx
FN:3,LeaderboardCard
FN:12,(anonymous_1)
FNF:2
FNH:2
FNDA:6,LeaderboardCard
FNDA:1,(anonymous_1)
DA:4,6
DA:12,1
LF:2
LH:2
BRF:0
BRH:0
end_of_record
TN:
SF:src\components\LeagueTable.jsx
FN:4,(anonymous_0)
FN:8,(anonymous_1)
FN:9,(anonymous_2)
FN:63,(anonymous_3)
FN:67,(anonymous_4)
FNF:5
FNH:5
FNDA:10,(anonymous_0)
FNDA:8,(anonymous_1)
FNDA:8,(anonymous_2)
FNDA:3,(anonymous_3)
FNDA:1,(anonymous_4)
DA:4,3
DA:5,10
DA:6,10
DA:8,10
DA:9,8
DA:10,8
DA:11,8
DA:12,8
DA:16,8
DA:24,8
DA:26,2
DA:27,2
DA:29,6
DA:33,8
DA:36,10
DA:64,3
DA:67,1
LF:17
LH:17
BRDA:4,0,0,4
BRDA:4,1,0,0
BRDA:12,2,0,8
BRDA:12,2,1,0
BRDA:24,3,0,1
BRDA:24,3,1,2
BRDA:75,4,0,0
BRDA:75,4,1,3
BRDA:89,5,0,2
BRDA:89,5,1,1
BRF:10
BRH:7
end_of_record
TN:
SF:src\components\ProfilePage.jsx
FN:9,ProfilePage
FNF:1
FNH:1
FNDA:3,ProfilePage
DA:10,3
LF:1
LH:1
BRF:0
BRH:0
end_of_record
TN:
SF:src\components\QuickActions.jsx
FN:4,(anonymous_0)
FNF:1
FNH:1
FNDA:7,(anonymous_0)
DA:4,3
DA:5,7
LF:2
LH:2
BRF:0
BRH:0
end_of_record
TN:
SF:src\components\RecentMatches.jsx
FN:4,(anonymous_0)
FN:16,(anonymous_1)
FN:21,(anonymous_2)
FN:22,(anonymous_3)
FN:73,(anonymous_4)
FN:126,(anonymous_5)
FN:126,(anonymous_6)
FN:136,(anonymous_7)
FN:137,(anonymous_8)
FNF:9
FNH:7
FNDA:14,(anonymous_0)
FNDA:8,(anonymous_1)
FNDA:9,(anonymous_2)
FNDA:9,(anonymous_3)
FNDA:1,(anonymous_4)
FNDA:0,(anonymous_5)
FNDA:0,(anonymous_6)
FNDA:1,(anonymous_7)
FNDA:1,(anonymous_8)
DA:4,3
DA:10,14
DA:11,14
DA:12,14
DA:13,14
DA:16,14
DA:17,8
DA:21,14
DA:22,9
DA:23,9
DA:24,9
DA:25,9
DA:26,9
DA:30,9
DA:38,9
DA:40,3
DA:42,3
DA:43,3
DA:45,6
DA:47,9
DA:51,9
DA:54,14
DA:74,1
DA:126,0
DA:137,1
LF:25
LH:24
BRDA:5,0,0,14
BRDA:6,1,0,14
BRDA:7,2,0,10
BRDA:8,3,0,5
BRDA:27,4,0,2
BRDA:27,4,1,7
BRDA:38,5,0,1
BRDA:38,5,1,3
BRDA:68,6,0,9
BRDA:68,6,1,5
BRDA:123,7,0,5
BRDA:123,7,1,5
BRDA:123,7,2,3
BRDA:123,7,3,3
BRF:14
BRH:14
end_of_record
TN:
SF:src\components\UpcomingMatches.jsx
FN:5,(anonymous_0)
FN:17,(anonymous_1)
FN:22,(anonymous_2)
FN:23,(anonymous_3)
FN:69,(anonymous_4)
FN:125,(anonymous_5)
FN:125,(anonymous_6)
FN:135,(anonymous_7)
FN:135,(anonymous_8)
FNF:9
FNH:7
FNDA:15,(anonymous_0)
FNDA:8,(anonymous_1)
FNDA:9,(anonymous_2)
FNDA:9,(anonymous_3)
FNDA:3,(anonymous_4)
FNDA:0,(anonymous_5)
FNDA:0,(anonymous_6)
FNDA:1,(anonymous_7)
FNDA:1,(anonymous_8)
DA:5,3
DA:11,15
DA:12,15
DA:13,15
DA:14,15
DA:17,15
DA:18,8
DA:22,15
DA:23,9
DA:24,9
DA:25,9
DA:26,9
DA:27,9
DA:29,9
DA:37,8
DA:39,3
DA:41,3
DA:42,3
DA:44,6
DA:46,9
DA:50,9
DA:53,15
DA:70,3
DA:125,0
DA:135,1
LF:25
LH:24
BRDA:6,0,0,15
BRDA:7,1,0,11
BRDA:8,2,0,15
BRDA:9,3,0,6
BRDA:37,4,0,1
BRDA:37,4,1,3
BRDA:64,5,0,9
BRDA:64,5,1,6
BRDA:122,6,0,6
BRDA:122,6,1,6
BRDA:122,6,2,3
BRDA:122,6,3,3
BRF:12
BRH:12
end_of_record
TN:
SF:src\components\UserDetailsCard.jsx
FN:6,UserDetailsCard
FN:10,(anonymous_1)
FN:16,(anonymous_2)
FN:34,(anonymous_3)
FN:62,(anonymous_4)
FN:71,(anonymous_5)
FN:81,(anonymous_6)
FNF:7
FNH:6
FNDA:17,UserDetailsCard
FNDA:8,(anonymous_1)
FNDA:1,(anonymous_2)
FNDA:1,(anonymous_3)
FNDA:1,(anonymous_4)
FNDA:0,(anonymous_5)
FNDA:2,(anonymous_6)
DA:7,17
DA:8,17
DA:10,17
DA:11,8
DA:12,7
DA:16,17
DA:17,1
DA:18,1
DA:19,1
DA:28,1
DA:30,1
DA:31,1
DA:34,1
DA:35,1
DA:36,1
DA:37,1
DA:40,0
DA:45,17
DA:47,16
DA:53,16
DA:62,1
DA:71,0
DA:81,2
LF:23
LH:21
BRDA:11,0,0,7
BRDA:11,0,1,1
BRDA:28,1,0,0
BRDA:28,1,1,1
BRDA:45,2,0,1
BRDA:45,2,1,16
BRF:6
BRH:5
end_of_record
TN:
SF:src\components\WelcomeBanner.jsx
FN:5,(anonymous_0)
FNF:1
FNH:1
FNDA:6,(anonymous_0)
DA:5,3
DA:6,6
DA:8,6
DA:10,5
LF:4
LH:4
BRDA:8,0,0,1
BRDA:8,0,1,5
BRF:2
BRH:2
end_of_record
TN:
SF:src\components\upcomingMatch\FixtureInfo.jsx
FN:4,(anonymous_0)
FN:8,(anonymous_1)
FN:19,(anonymous_2)
FNF:3
FNH:3
FNDA:3,(anonymous_0)
FNDA:2,(anonymous_1)
FNDA:2,(anonymous_2)
DA:4,2
DA:5,3
DA:6,3
DA:8,3
DA:9,2
DA:10,1
DA:11,1
DA:19,3
DA:20,2
DA:21,1
DA:22,1
DA:32,3
DA:33,1
DA:36,2
LF:14
LH:14
BRDA:6,0,0,3
BRDA:6,0,1,0
BRDA:9,1,0,1
BRDA:9,1,1,1
BRDA:20,2,0,1
BRDA:20,2,1,1
BRDA:32,3,0,1
BRDA:32,3,1,2
BRDA:47,4,0,2
BRDA:47,4,1,1
BRDA:56,5,0,1
BRDA:56,5,1,1
BRDA:76,6,0,1
BRDA:76,6,1,1
BRDA:111,7,0,2
BRDA:111,7,1,1
BRF:16
BRH:15
end_of_record
TN:
SF:src\components\upcomingMatch\HeadToHead.jsx
FN:4,(anonymous_0)
FN:12,(anonymous_1)
FN:15,(anonymous_2)
FN:36,(anonymous_3)
FN:70,(anonymous_4)
FNF:5
FNH:5
FNDA:12,(anonymous_0)
FNDA:9,(anonymous_1)
FNDA:9,(anonymous_2)
FNDA:3,(anonymous_3)
FNDA:1,(anonymous_4)
DA:4,2
DA:5,12
DA:6,12
DA:8,12
DA:9,12
DA:10,12
DA:12,12
DA:13,9
DA:15,9
DA:16,9
DA:17,9
DA:18,9
DA:19,9
DA:24,9
DA:32,9
DA:34,6
DA:36,6
DA:49,6
DA:50,6
DA:52,3
DA:53,3
DA:57,9
DA:60,12
DA:61,6
DA:62,5
DA:64,1
DA:71,1
LF:27
LH:27
BRDA:6,0,0,12
BRDA:6,0,1,0
BRDA:13,1,0,0
BRDA:13,1,1,9
BRDA:13,2,0,9
BRDA:13,2,1,9
BRDA:32,3,0,3
BRDA:32,3,1,6
BRDA:38,4,0,3
BRDA:38,4,1,0
BRDA:40,5,0,3
BRDA:40,5,1,0
BRDA:60,6,0,6
BRDA:60,6,1,6
BRDA:61,7,0,1
BRDA:61,7,1,5
BRDA:62,8,0,4
BRDA:62,8,1,1
BRF:18
BRH:14
end_of_record
TN:
SF:src\components\upcomingMatch\MatchPrediction.jsx
FN:4,(anonymous_0)
FN:14,(anonymous_1)
FN:57,(anonymous_2)
FN:64,(anonymous_3)
FN:71,(anonymous_4)
FN:82,(anonymous_5)
FN:135,(anonymous_6)
FN:145,(anonymous_7)
FNF:8
FNH:7
FNDA:15,(anonymous_0)
FNDA:4,(anonymous_1)
FNDA:4,(anonymous_2)
FNDA:2,(anonymous_3)
FNDA:2,(anonymous_4)
FNDA:0,(anonymous_5)
FNDA:1,(anonymous_6)
FNDA:1,(anonymous_7)
DA:4,2
DA:5,15
DA:6,15
DA:7,15
DA:8,15
DA:9,15
DA:10,15
DA:11,15
DA:12,15
DA:14,15
DA:15,4
DA:16,4
DA:17,4
DA:19,4
DA:20,4
DA:22,4
DA:28,4
DA:35,4
DA:36,0
DA:38,0
DA:39,0
DA:42,0
DA:43,0
DA:44,0
DA:46,0
DA:47,0
DA:50,4
DA:51,4
DA:53,4
DA:57,15
DA:58,4
DA:59,4
DA:61,4
DA:64,15
DA:65,2
DA:66,2
DA:67,2
DA:71,15
DA:72,2
DA:73,1
DA:74,1
DA:77,1
DA:78,1
DA:79,1
DA:82,15
DA:83,0
DA:84,0
DA:87,15
DA:135,1
DA:145,1
LF:50
LH:40
BRDA:6,0,0,15
BRDA:6,0,1,0
BRDA:15,1,0,0
BRDA:15,1,1,4
BRDA:15,2,0,4
BRDA:15,2,1,4
BRDA:38,3,0,0
BRDA:38,3,1,0
BRDA:58,4,0,4
BRDA:58,4,1,0
BRDA:66,5,0,2
BRDA:66,5,1,0
BRDA:66,6,0,2
BRDA:66,6,1,2
BRDA:66,6,2,2
BRDA:72,7,0,1
BRDA:72,7,1,1
BRDA:72,8,0,2
BRDA:72,8,1,1
BRDA:72,8,2,1
BRDA:72,8,3,0
BRDA:77,9,0,1
BRDA:77,9,1,0
BRDA:77,10,0,1
BRDA:77,10,1,0
BRDA:98,11,0,11
BRDA:98,11,1,4
BRDA:101,12,0,15
BRDA:101,12,1,11
BRDA:103,13,0,11
BRDA:103,13,1,4
BRDA:104,14,0,11
BRDA:104,14,1,7
BRDA:105,15,0,11
BRDA:105,15,1,0
BRDA:112,16,0,0
BRDA:112,16,1,0
BRDA:114,17,0,0
BRDA:114,17,1,0
BRF:39
BRH:25
end_of_record
TN:
SF:src\components\upcomingMatch\RecentForm.jsx
FN:5,(anonymous_0)
FN:11,(anonymous_1)
FN:14,(anonymous_2)
FN:38,(anonymous_3)
FN:48,(anonymous_4)
FN:68,(anonymous_5)
FN:92,(anonymous_6)
FN:106,(anonymous_7)
FN:119,(anonymous_8)
FNF:9
FNH:9
FNDA:9,(anonymous_0)
FNDA:9,(anonymous_1)
FNDA:9,(anonymous_2)
FNDA:1,(anonymous_3)
FNDA:1,(anonymous_4)
FNDA:7,(anonymous_5)
FNDA:4,(anonymous_6)
FNDA:7,(anonymous_7)
FNDA:2,(anonymous_8)
DA:5,2
DA:6,9
DA:7,9
DA:8,9
DA:9,9
DA:11,9
DA:12,9
DA:14,9
DA:15,9
DA:16,9
DA:17,9
DA:18,9
DA:20,9
DA:28,3
DA:30,2
DA:33,2
DA:38,1
DA:48,1
DA:57,2
DA:59,2
DA:61,4
DA:65,9
DA:68,9
DA:69,7
DA:71,3
DA:73,2
DA:75,2
DA:77,0
DA:81,9
DA:82,4
DA:84,2
DA:93,4
DA:107,7
DA:120,2
LF:34
LH:33
BRDA:7,0,0,9
BRDA:7,0,1,0
BRDA:12,1,0,0
BRDA:12,1,1,9
BRDA:28,2,0,1
BRDA:28,2,1,2
BRDA:37,3,0,1
BRDA:37,3,1,1
BRDA:38,4,0,2
BRDA:38,4,1,0
BRDA:40,5,0,1
BRDA:40,5,1,0
BRDA:40,6,0,1
BRDA:40,6,1,0
BRDA:47,7,0,1
BRDA:47,7,1,1
BRDA:48,8,0,2
BRDA:48,8,1,0
BRDA:50,9,0,1
BRDA:50,9,1,0
BRDA:50,10,0,1
BRDA:50,10,1,0
BRDA:69,11,0,3
BRDA:69,11,1,2
BRDA:69,11,2,2
BRDA:69,11,3,0
BRDA:81,12,0,5
BRDA:81,12,1,4
BRDA:82,13,0,2
BRDA:82,13,1,2
BRF:30
BRH:21
end_of_record
TN:
SF:src\components\upcomingMatch\TeamStatistics.jsx
FN:5,(anonymous_0)
FN:12,(anonymous_1)
FN:15,(anonymous_2)
FN:64,(anonymous_3)
FNF:4
FNH:4
FNDA:7,(anonymous_0)
FNDA:4,(anonymous_1)
FNDA:4,(anonymous_2)
FNDA:6,(anonymous_3)
DA:5,2
DA:6,7
DA:7,7
DA:9,7
DA:10,7
DA:12,7
DA:13,4
DA:15,4
DA:16,4
DA:17,4
DA:19,4
DA:20,4
DA:22,4
DA:30,2
DA:32,1
DA:34,1
DA:43,1
DA:45,2
DA:46,2
DA:48,3
DA:52,4
DA:55,7
DA:56,3
DA:58,1
DA:65,6
LF:25
LH:25
BRDA:7,0,0,7
BRDA:7,0,1,0
BRDA:13,1,0,0
BRDA:13,1,1,4
BRDA:30,2,0,1
BRDA:30,2,1,1
BRDA:55,3,0,4
BRDA:55,3,1,3
BRDA:56,4,0,2
BRDA:56,4,1,1
BRF:10
BRH:8
end_of_record
TN:
SF:src\components\upcomingMatch\UpcomingMatchDetails.jsx
FN:9,(anonymous_0)
FNF:1
FNH:0
FNDA:0,(anonymous_0)
DA:9,1
DA:10,0
LF:2
LH:1
BRF:0
BRH:0
end_of_record
TN:
SF:src\pages\FullLeagueTable.jsx
FN:5,(anonymous_0)
FN:20,(anonymous_1)
FNF:2
FNH:1
FNDA:3,(anonymous_0)
FNDA:0,(anonymous_1)
DA:5,2
DA:6,3
DA:8,3
DA:20,0
LF:4
LH:3
BRF:0
BRH:0
end_of_record
TN:
SF:src\pages\FullRecentMatches.jsx
FN:5,(anonymous_0)
FN:27,(anonymous_1)
FNF:2
FNH:1
FNDA:2,(anonymous_0)
FNDA:0,(anonymous_1)
DA:5,2
DA:6,2
DA:8,2
DA:27,0
LF:4
LH:3
BRF:0
BRH:0
end_of_record
TN:
SF:src\pages\FullUpcomingMatches.jsx
FN:5,(anonymous_0)
FN:27,(anonymous_1)
FNF:2
FNH:1
FNDA:2,(anonymous_0)
FNDA:0,(anonymous_1)
DA:5,2
DA:6,2
DA:8,2
DA:27,0
LF:4
LH:3
BRF:0
BRH:0
end_of_record
TN:
SF:src\pages\Home.jsx
FN:4,Home
FN:7,(anonymous_1)
FNF:2
FNH:2
FNDA:6,Home
FNDA:3,(anonymous_1)
DA:5,6
DA:7,6
DA:8,3
DA:9,3
DA:12,6
LF:5
LH:5
BRDA:8,0,0,3
BRDA:8,0,1,2
BRF:2
BRH:2
end_of_record
TN:
SF:src\pages\LandingPage.jsx
FN:5,LandingPage
FN:7,(anonymous_1)
FN:13,(anonymous_2)
FN:17,(anonymous_3)
FN:21,(anonymous_4)
FNF:5
FNH:5
FNDA:7,LandingPage
FNDA:7,(anonymous_1)
FNDA:1,(anonymous_2)
FNDA:1,(anonymous_3)
FNDA:1,(anonymous_4)
DA:6,7
DA:7,7
DA:9,7
DA:10,7
DA:11,7
DA:13,7
DA:14,1
DA:17,7
DA:18,1
DA:21,7
DA:22,1
DA:26,7
LF:12
LH:12
BRF:0
BRH:0
end_of_record
TN:
SF:src\pages\Login.jsx
FN:12,Login
FN:19,(anonymous_1)
FN:42,(anonymous_2)
FN:64,(anonymous_3)
FN:118,(anonymous_4)
FN:133,(anonymous_5)
FNF:6
FNH:6
FNDA:11,Login
FNDA:2,(anonymous_1)
FNDA:2,(anonymous_2)
FNDA:2,(anonymous_3)
FNDA:2,(anonymous_4)
FNDA:2,(anonymous_5)
DA:13,11
DA:14,11
DA:15,11
DA:16,11
DA:17,11
DA:19,11
DA:20,2
DA:21,2
DA:29,2
DA:30,0
DA:31,0
DA:34,2
DA:36,0
DA:37,0
DA:38,0
DA:42,11
DA:43,2
DA:44,2
DA:45,1
DA:49,1
DA:50,1
DA:51,1
DA:52,1
DA:56,1
DA:59,1
DA:60,1
DA:64,11
DA:65,2
DA:66,2
DA:67,2
DA:72,1
DA:76,1
DA:77,1
DA:78,1
DA:79,1
DA:84,1
DA:87,1
DA:88,1
DA:92,11
DA:118,2
DA:133,2
LF:41
LH:36
BRDA:29,0,0,0
BRDA:29,0,1,2
BRDA:31,1,0,0
BRDA:31,1,1,0
BRDA:50,2,0,1
BRDA:50,2,1,0
BRDA:77,3,0,1
BRDA:77,3,1,0
BRDA:104,4,0,11
BRDA:104,4,1,2
BRF:10
BRH:5
end_of_record
TN:
SF:src\pages\MatchDetails.jsx
FN:3,(anonymous_0)
FNF:1
FNH:0
FNDA:0,(anonymous_0)
DA:3,1
DA:4,0
LF:2
LH:1
BRF:0
BRH:0
end_of_record
TN:
SF:src\pages\MatchStatistics.jsx
FN:5,(anonymous_0)
FN:10,(anonymous_1)
FN:11,(anonymous_2)
FN:60,(anonymous_3)
FNF:4
FNH:4
FNDA:7,(anonymous_0)
FNDA:4,(anonymous_1)
FNDA:4,(anonymous_2)
FNDA:1,(anonymous_3)
DA:5,2
DA:6,7
DA:7,7
DA:8,7
DA:10,7
DA:11,4
DA:12,4
DA:13,4
DA:14,4
DA:15,4
DA:17,4
DA:25,3
DA:27,2
DA:28,2
DA:29,2
DA:31,1
DA:33,3
DA:37,4
DA:40,7
DA:61,1
LF:20
LH:20
BRDA:25,0,0,1
BRDA:25,0,1,2
BRDA:51,1,0,4
BRDA:51,1,1,3
BRDA:56,2,0,2
BRDA:56,2,1,1
BRF:6
BRH:6
end_of_record
TN:
SF:src\pages\Profile.jsx
FN:4,Profile
FNF:1
FNH:1
FNDA:2,Profile
DA:6,2
LF:1
LH:1
BRF:0
BRH:0
end_of_record
TN:
SF:src\pages\SignUp.jsx
FN:7,Signup
FN:16,(anonymous_1)
FN:42,(anonymous_2)
FN:65,(anonymous_3)
FN:105,(anonymous_4)
FN:119,(anonymous_5)
FN:133,(anonymous_6)
FN:143,(anonymous_7)
FN:169,(anonymous_8)
FNF:9
FNH:9
FNDA:31,Signup
FNDA:5,(anonymous_1)
FNDA:1,(anonymous_2)
FNDA:2,(anonymous_3)
FNDA:5,(anonymous_4)
FNDA:5,(anonymous_5)
FNDA:5,(anonymous_6)
FNDA:2,(anonymous_7)
FNDA:1,(anonymous_8)
DA:8,31
DA:10,31
DA:11,31
DA:12,31
DA:13,31
DA:14,31
DA:16,31
DA:17,5
DA:21,5
DA:22,1
DA:24,4
DA:25,1
DA:27,3
DA:28,1
DA:31,2
DA:33,2
DA:34,1
DA:35,1
DA:37,1
DA:38,1
DA:42,31
DA:43,1
DA:44,1
DA:52,1
DA:53,0
DA:54,0
DA:57,1
DA:59,0
DA:60,0
DA:61,0
DA:65,31
DA:66,2
DA:67,2
DA:68,1
DA:70,1
DA:72,1
DA:73,1
DA:74,1
DA:75,1
DA:76,1
DA:79,1
DA:80,1
DA:84,31
DA:105,5
DA:119,5
DA:133,5
DA:143,2
DA:169,1
LF:48
LH:43
BRDA:21,0,0,1
BRDA:21,0,1,4
BRDA:24,1,0,1
BRDA:24,1,1,3
BRDA:27,2,0,1
BRDA:27,2,1,2
BRDA:52,3,0,0
BRDA:52,3,1,1
BRDA:54,4,0,0
BRDA:54,4,1,0
BRDA:73,5,0,1
BRDA:73,5,1,0
BRDA:95,6,0,31
BRDA:95,6,1,5
BRF:14
BRH:10
end_of_record
TN:
SF:src\pages\TeamStats.jsx
FN:5,(anonymous_0)
FN:11,(anonymous_1)
FN:12,(anonymous_2)
FNF:3
FNH:3
FNDA:9,(anonymous_0)
FNDA:5,(anonymous_1)
FNDA:5,(anonymous_2)
DA:5,2
DA:6,9
DA:7,9
DA:8,9
DA:9,9
DA:11,9
DA:12,5
DA:13,5
DA:14,5
DA:15,5
DA:22,5
DA:24,3
DA:25,3
DA:27,2
DA:28,2
DA:30,5
DA:34,5
DA:37,9
DA:38,4
DA:39,3
DA:41,2
LF:21
LH:21
BRDA:22,0,0,1
BRDA:22,0,1,3
BRDA:37,1,0,5
BRDA:37,1,1,4
BRDA:38,2,0,1
BRDA:38,2,1,3
BRDA:39,3,0,1
BRDA:39,3,1,2
BRF:8
BRH:8
end_of_record
